2022-12-30 09:02:10,582 [DEBUG] CloudFormation client initialized with endpoint https://cloudformation.ap-northeast-1.amazonaws.com
2022-12-30 09:02:10,583 [DEBUG] SQS client initialized with endpoint https://sqs.ap-northeast-1.amazonaws.com
2022-12-30 09:02:10,583 [DEBUG] CloudFormation client initialized with endpoint https://cloudformation.ap-northeast-1.amazonaws.com
2022-12-30 09:02:10,583 [DEBUG] Enabled single threading mode.
2022-12-30 09:02:10,583 [DEBUG] Creating /var/lib/cfn-hup/data
2022-12-30 09:02:10,615 [INFO] No umask value specified in config file. Using the default one: 0o22
2022-12-30 09:02:11,504 [INFO] Refreshing listener credentials
2022-12-30 09:02:11,694 [INFO] Scheduling next credential refresh in 1799.0 seconds
2022-12-30 09:07:12,290 [INFO] command processing is alive.
2022-12-30 09:12:12,788 [INFO] command processing is alive.
2022-12-30 09:17:13,293 [INFO] command processing is alive.
2022-12-30 09:22:13,850 [INFO] command processing is alive.
2022-12-30 09:27:14,387 [INFO] command processing is alive.
2022-12-30 09:32:10,695 [INFO] Refreshing listener credentials
2022-12-30 09:32:10,796 [INFO] Scheduling next credential refresh in 1799.0 seconds
2022-12-30 09:32:14,944 [INFO] command processing is alive.
2022-12-30 09:37:15,451 [INFO] command processing is alive.
2022-12-30 09:42:15,932 [INFO] command processing is alive.
2022-12-30 09:47:16,420 [INFO] command processing is alive.
2022-12-30 09:52:16,906 [INFO] command processing is alive.
2022-12-30 09:57:17,476 [INFO] command processing is alive.
2022-12-30 10:02:09,797 [INFO] Refreshing listener credentials
2022-12-30 10:02:09,898 [INFO] Scheduling next credential refresh in 1799.0 seconds
2022-12-30 10:02:17,981 [INFO] command processing is alive.
2022-12-30 10:07:18,494 [INFO] command processing is alive.
2022-12-30 10:12:19,010 [INFO] command processing is alive.
2022-12-30 10:17:19,518 [INFO] command processing is alive.
2022-12-30 10:22:20,017 [INFO] command processing is alive.
2022-12-30 10:27:20,520 [INFO] command processing is alive.
2022-12-30 10:32:08,899 [INFO] Refreshing listener credentials
2022-12-30 10:32:09,006 [INFO] Scheduling next credential refresh in 1799.0 seconds
2022-12-30 10:32:21,015 [INFO] command processing is alive.
2022-12-30 10:37:21,533 [INFO] command processing is alive.
2022-12-30 10:42:22,088 [INFO] command processing is alive.
2022-12-30 10:47:22,582 [INFO] command processing is alive.
2022-12-30 10:52:23,062 [INFO] command processing is alive.
2022-12-30 10:57:23,553 [INFO] command processing is alive.
2022-12-30 11:02:08,007 [INFO] Refreshing listener credentials
2022-12-30 11:02:08,125 [INFO] Scheduling next credential refresh in 1799.0 seconds
2022-12-30 11:02:24,107 [INFO] command processing is alive.
2022-12-30 11:07:24,628 [INFO] command processing is alive.
2022-12-30 11:12:25,172 [INFO] command processing is alive.
2022-12-30 11:17:25,734 [INFO] command processing is alive.
2022-12-30 11:22:26,261 [INFO] command processing is alive.
2022-12-30 11:27:26,771 [INFO] command processing is alive.
2022-12-30 11:32:07,125 [INFO] Refreshing listener credentials
2022-12-30 11:32:07,222 [INFO] Scheduling next credential refresh in 1799.0 seconds
2022-12-30 11:32:27,269 [INFO] command processing is alive.
2022-12-30 11:37:27,755 [INFO] command processing is alive.
2022-12-30 11:42:28,283 [INFO] command processing is alive.
2022-12-30 11:47:28,859 [INFO] command processing is alive.
2022-12-30 11:52:29,368 [INFO] command processing is alive.
2022-12-30 11:57:29,885 [INFO] command processing is alive.
2022-12-30 12:02:06,223 [INFO] Refreshing listener credentials
2022-12-30 12:02:06,323 [INFO] Scheduling next credential refresh in 1799.0 seconds
2022-12-30 12:02:30,379 [INFO] command processing is alive.
2022-12-30 12:07:30,890 [INFO] command processing is alive.
2022-12-30 12:12:31,391 [INFO] command processing is alive.
2022-12-30 12:17:31,870 [INFO] command processing is alive.
2022-12-30 12:22:32,346 [INFO] command processing is alive.
2022-12-30 12:27:32,843 [INFO] command processing is alive.
2022-12-30 12:32:05,324 [INFO] Refreshing listener credentials
2022-12-30 12:32:05,420 [INFO] Scheduling next credential refresh in 1799.0 seconds
2022-12-30 12:32:33,368 [INFO] command processing is alive.
2022-12-30 12:37:33,871 [INFO] command processing is alive.
2022-12-30 12:42:34,405 [INFO] command processing is alive.
2022-12-30 12:47:34,939 [INFO] command processing is alive.
2022-12-30 12:52:35,508 [INFO] command processing is alive.
2022-12-30 12:57:36,069 [INFO] command processing is alive.
2022-12-30 13:02:04,421 [INFO] Refreshing listener credentials
2022-12-30 13:02:04,522 [INFO] Scheduling next credential refresh in 1799.0 seconds
2022-12-30 13:02:36,574 [INFO] command processing is alive.
2022-12-30 13:07:37,116 [INFO] command processing is alive.
2022-12-30 13:12:37,616 [INFO] command processing is alive.
2022-12-30 13:17:38,143 [INFO] command processing is alive.
2022-12-30 13:22:38,619 [INFO] command processing is alive.
2022-12-30 13:27:39,091 [INFO] command processing is alive.
2022-12-30 13:32:03,522 [INFO] Refreshing listener credentials
2022-12-30 13:32:03,625 [INFO] Scheduling next credential refresh in 1799.0 seconds
2022-12-30 13:32:39,621 [INFO] command processing is alive.
2022-12-30 13:37:40,136 [INFO] command processing is alive.
2022-12-30 13:42:40,654 [INFO] command processing is alive.
2022-12-30 13:47:41,172 [INFO] command processing is alive.
2022-12-30 13:52:41,675 [INFO] command processing is alive.
2022-12-30 13:57:42,236 [INFO] command processing is alive.
2022-12-30 14:02:02,626 [INFO] Refreshing listener credentials
2022-12-30 14:02:02,729 [INFO] Scheduling next credential refresh in 1799.0 seconds
2022-12-30 14:02:42,726 [INFO] command processing is alive.
2022-12-30 14:07:43,260 [INFO] command processing is alive.
2022-12-30 14:12:43,750 [INFO] command processing is alive.
2022-12-30 14:17:44,273 [INFO] command processing is alive.
2022-12-30 14:22:44,793 [INFO] command processing is alive.
2022-12-30 14:27:45,321 [INFO] command processing is alive.
2022-12-30 14:32:01,730 [INFO] Refreshing listener credentials
2022-12-30 14:32:01,877 [INFO] Scheduling next credential refresh in 1799.0 seconds
2022-12-30 14:32:45,871 [INFO] command processing is alive.
2022-12-30 14:37:46,387 [INFO] command processing is alive.
2022-12-30 14:42:46,883 [INFO] command processing is alive.
2022-12-30 14:47:47,383 [INFO] command processing is alive.
2022-12-30 14:52:47,889 [INFO] command processing is alive.
2022-12-30 14:57:48,389 [INFO] command processing is alive.
2022-12-30 15:02:00,878 [INFO] Refreshing listener credentials
2022-12-30 15:02:00,968 [INFO] Scheduling next credential refresh in 1799.0 seconds
2022-12-30 15:02:48,888 [INFO] command processing is alive.
2022-12-30 15:07:49,366 [INFO] command processing is alive.
2022-12-30 15:12:49,853 [INFO] command processing is alive.
2022-12-30 15:17:50,398 [INFO] command processing is alive.
2022-12-30 15:22:50,917 [INFO] command processing is alive.
2022-12-30 15:27:51,435 [INFO] command processing is alive.
2022-12-30 15:31:59,969 [INFO] Refreshing listener credentials
2022-12-30 15:32:00,077 [INFO] Scheduling next credential refresh in 1799.0 seconds
2022-12-30 15:32:51,946 [INFO] command processing is alive.
2022-12-30 15:37:52,445 [INFO] command processing is alive.
2022-12-30 15:42:52,954 [INFO] command processing is alive.
2022-12-30 15:47:53,488 [INFO] command processing is alive.
2022-12-30 15:52:54,049 [INFO] command processing is alive.
2022-12-30 15:57:54,564 [INFO] command processing is alive.
2022-12-30 16:01:59,078 [INFO] Refreshing listener credentials
2022-12-30 16:01:59,172 [INFO] Scheduling next credential refresh in 1799.0 seconds
2022-12-30 16:02:55,053 [INFO] command processing is alive.
2022-12-30 16:07:55,565 [INFO] command processing is alive.
2022-12-30 16:12:56,058 [INFO] command processing is alive.
2022-12-30 16:17:56,559 [INFO] command processing is alive.
2022-12-30 16:22:57,111 [INFO] command processing is alive.
2022-12-30 16:27:57,618 [INFO] command processing is alive.
2022-12-30 16:31:58,173 [INFO] Refreshing listener credentials
2022-12-30 16:31:58,262 [INFO] Scheduling next credential refresh in 1799.0 seconds
2022-12-30 16:32:58,112 [INFO] command processing is alive.
2022-12-30 16:37:58,625 [INFO] command processing is alive.
2022-12-30 16:42:59,114 [INFO] command processing is alive.
2022-12-30 16:47:59,623 [INFO] command processing is alive.
2022-12-30 16:53:00,121 [INFO] command processing is alive.
2022-12-30 16:58:00,619 [INFO] command processing is alive.
2022-12-30 17:01:57,263 [INFO] Refreshing listener credentials
2022-12-30 17:01:57,346 [INFO] Scheduling next credential refresh in 1799.0 seconds
2022-12-30 17:03:01,127 [INFO] command processing is alive.
2022-12-30 17:08:01,760 [INFO] command processing is alive.
2022-12-30 17:13:02,281 [INFO] command processing is alive.
2022-12-30 17:18:02,839 [INFO] command processing is alive.
2022-12-30 17:23:03,340 [INFO] command processing is alive.
2022-12-30 17:28:03,854 [INFO] command processing is alive.
2022-12-30 17:31:56,347 [INFO] Refreshing listener credentials
2022-12-30 17:31:56,452 [INFO] Scheduling next credential refresh in 1799.0 seconds
2022-12-30 17:33:04,350 [INFO] command processing is alive.
2022-12-30 17:38:04,862 [INFO] command processing is alive.
2022-12-30 17:43:05,382 [INFO] command processing is alive.
2022-12-30 17:48:05,912 [INFO] command processing is alive.
2022-12-30 17:53:06,419 [INFO] command processing is alive.
2022-12-30 17:58:06,932 [INFO] command processing is alive.
2022-12-30 18:01:55,453 [INFO] Refreshing listener credentials
2022-12-30 18:01:55,551 [INFO] Scheduling next credential refresh in 1799.0 seconds
2022-12-30 18:03:07,412 [INFO] command processing is alive.
2022-12-30 18:08:07,913 [INFO] command processing is alive.
2022-12-30 18:13:08,416 [INFO] command processing is alive.
2022-12-30 18:18:08,910 [INFO] command processing is alive.
2022-12-30 18:23:09,488 [INFO] command processing is alive.
2022-12-30 18:28:09,987 [INFO] command processing is alive.
2022-12-30 18:31:54,551 [INFO] Refreshing listener credentials
2022-12-30 18:31:54,667 [INFO] Scheduling next credential refresh in 1799.0 seconds
2022-12-30 18:33:10,488 [INFO] command processing is alive.
2022-12-30 18:38:10,995 [INFO] command processing is alive.
2022-12-30 18:43:11,499 [INFO] command processing is alive.
2022-12-30 18:48:11,999 [INFO] command processing is alive.
2022-12-30 18:53:12,511 [INFO] command processing is alive.
2022-12-30 18:58:13,003 [INFO] command processing is alive.
2022-12-30 19:01:53,668 [INFO] Refreshing listener credentials
2022-12-30 19:01:53,775 [INFO] Scheduling next credential refresh in 1799.0 seconds
2022-12-30 19:03:13,507 [INFO] command processing is alive.
2022-12-30 19:08:14,008 [INFO] command processing is alive.
2022-12-30 19:13:14,509 [INFO] command processing is alive.
2022-12-30 19:18:14,978 [INFO] command processing is alive.
2022-12-30 19:23:15,465 [INFO] command processing is alive.
2022-12-30 19:28:15,985 [INFO] command processing is alive.
2022-12-30 19:31:52,775 [INFO] Refreshing listener credentials
2022-12-30 19:31:52,884 [INFO] Scheduling next credential refresh in 1799.0 seconds
2022-12-30 19:33:16,497 [INFO] command processing is alive.
2022-12-30 19:38:16,989 [INFO] command processing is alive.
2022-12-30 19:43:17,492 [INFO] command processing is alive.
2022-12-30 19:48:17,983 [INFO] command processing is alive.
2022-12-30 19:53:18,473 [INFO] command processing is alive.
2022-12-30 19:58:18,979 [INFO] command processing is alive.
2022-12-30 20:01:51,885 [INFO] Refreshing listener credentials
2022-12-30 20:01:51,982 [INFO] Scheduling next credential refresh in 1799.0 seconds
2022-12-30 20:03:19,485 [INFO] command processing is alive.
2022-12-30 20:08:19,995 [INFO] command processing is alive.
2022-12-30 20:13:20,501 [INFO] command processing is alive.
2022-12-30 20:18:20,993 [INFO] command processing is alive.
2022-12-30 20:23:21,510 [INFO] command processing is alive.
2022-12-30 20:28:22,027 [INFO] command processing is alive.
2022-12-30 20:31:50,982 [INFO] Refreshing listener credentials
2022-12-30 20:31:51,080 [INFO] Scheduling next credential refresh in 1799.0 seconds
2022-12-30 20:33:22,535 [INFO] command processing is alive.
2022-12-30 20:38:23,051 [INFO] command processing is alive.
2022-12-30 20:43:23,558 [INFO] command processing is alive.
2022-12-30 20:48:24,056 [INFO] command processing is alive.
2022-12-30 20:53:24,569 [INFO] command processing is alive.
2022-12-30 20:58:25,070 [INFO] command processing is alive.
2022-12-30 21:01:50,081 [INFO] Refreshing listener credentials
2022-12-30 21:01:50,180 [INFO] Scheduling next credential refresh in 1799.0 seconds
2022-12-30 21:03:25,583 [INFO] command processing is alive.
2022-12-30 21:08:26,087 [INFO] command processing is alive.
2022-12-30 21:13:26,571 [INFO] command processing is alive.
2022-12-30 21:18:27,082 [INFO] command processing is alive.
2022-12-30 21:23:27,565 [INFO] command processing is alive.
2022-12-30 21:28:28,058 [INFO] command processing is alive.
2022-12-30 21:31:49,180 [INFO] Refreshing listener credentials
2022-12-30 21:31:49,269 [INFO] Scheduling next credential refresh in 1799.0 seconds
2022-12-30 21:33:28,569 [INFO] command processing is alive.
2022-12-30 21:38:29,119 [INFO] command processing is alive.
2022-12-30 21:43:29,609 [INFO] command processing is alive.
2022-12-30 21:48:30,116 [INFO] command processing is alive.
2022-12-30 21:53:30,643 [INFO] command processing is alive.
2022-12-30 21:58:31,141 [INFO] command processing is alive.
2022-12-30 22:01:48,270 [INFO] Refreshing listener credentials
2022-12-30 22:01:48,369 [INFO] Scheduling next credential refresh in 1799.0 seconds
2022-12-30 22:03:31,621 [INFO] command processing is alive.
2022-12-30 22:08:32,142 [INFO] command processing is alive.
2022-12-30 22:13:32,647 [INFO] command processing is alive.
2022-12-30 22:18:33,154 [INFO] command processing is alive.
2022-12-30 22:23:33,700 [INFO] command processing is alive.
2022-12-30 22:28:34,208 [INFO] command processing is alive.
2022-12-30 22:31:47,370 [INFO] Refreshing listener credentials
2022-12-30 22:31:47,475 [INFO] Scheduling next credential refresh in 1799.0 seconds
2022-12-30 22:33:34,714 [INFO] command processing is alive.
2022-12-30 22:38:35,244 [INFO] command processing is alive.
2022-12-30 22:43:35,732 [INFO] command processing is alive.
2022-12-30 22:48:36,231 [INFO] command processing is alive.
2022-12-30 22:53:36,725 [INFO] command processing is alive.
2022-12-30 22:58:37,222 [INFO] command processing is alive.
2022-12-30 23:01:46,476 [INFO] Refreshing listener credentials
2022-12-30 23:01:46,574 [INFO] Scheduling next credential refresh in 1799.0 seconds
2022-12-30 23:03:37,704 [INFO] command processing is alive.
2022-12-30 23:08:38,226 [INFO] command processing is alive.
2022-12-30 23:13:38,723 [INFO] command processing is alive.
2022-12-30 23:18:39,221 [INFO] command processing is alive.
2022-12-30 23:23:39,721 [INFO] command processing is alive.
2022-12-30 23:28:40,230 [INFO] command processing is alive.
2022-12-30 23:31:45,574 [INFO] Refreshing listener credentials
2022-12-30 23:31:45,676 [INFO] Scheduling next credential refresh in 1799.0 seconds
2022-12-30 23:33:40,729 [INFO] command processing is alive.
2022-12-30 23:38:41,229 [INFO] command processing is alive.
2022-12-30 23:43:41,760 [INFO] command processing is alive.
2022-12-30 23:48:42,302 [INFO] command processing is alive.
2022-12-30 23:53:42,824 [INFO] command processing is alive.
2022-12-30 23:58:43,428 [INFO] command processing is alive.
2022-12-31 00:01:44,676 [INFO] Refreshing listener credentials
2022-12-31 00:01:44,770 [INFO] Scheduling next credential refresh in 1799.0 seconds
2022-12-31 00:03:43,947 [INFO] command processing is alive.
2022-12-31 00:08:44,451 [INFO] command processing is alive.
2022-12-31 00:13:44,961 [INFO] command processing is alive.
2022-12-31 00:18:45,476 [INFO] command processing is alive.
2022-12-31 00:23:45,981 [INFO] command processing is alive.
2022-12-31 00:28:46,492 [INFO] command processing is alive.
2022-12-31 00:31:43,771 [INFO] Refreshing listener credentials
2022-12-31 00:31:43,875 [INFO] Scheduling next credential refresh in 1799.0 seconds
2022-12-31 00:33:47,043 [INFO] command processing is alive.
2022-12-31 00:38:47,539 [INFO] command processing is alive.
2022-12-31 00:43:48,044 [INFO] command processing is alive.
2022-12-31 00:48:48,548 [INFO] command processing is alive.
2022-12-31 00:53:49,046 [INFO] command processing is alive.
2022-12-31 00:58:49,534 [INFO] command processing is alive.
2022-12-31 01:01:42,876 [INFO] Refreshing listener credentials
2022-12-31 01:01:42,985 [INFO] Scheduling next credential refresh in 1799.0 seconds
2022-12-31 01:03:50,002 [INFO] command processing is alive.
2022-12-31 01:08:50,513 [INFO] command processing is alive.
2022-12-31 01:13:51,005 [INFO] command processing is alive.
2022-12-31 01:18:51,505 [INFO] command processing is alive.
2022-12-31 01:23:52,017 [INFO] command processing is alive.
2022-12-31 01:28:52,523 [INFO] command processing is alive.
2022-12-31 01:31:41,986 [INFO] Refreshing listener credentials
2022-12-31 01:31:42,091 [INFO] Scheduling next credential refresh in 1799.0 seconds
2022-12-31 01:33:53,020 [INFO] command processing is alive.
2022-12-31 01:38:53,557 [INFO] command processing is alive.
2022-12-31 01:43:54,056 [INFO] command processing is alive.
2022-12-31 01:48:54,548 [INFO] command processing is alive.
2022-12-31 01:53:55,040 [INFO] command processing is alive.
2022-12-31 01:58:55,538 [INFO] command processing is alive.
2022-12-31 02:01:41,092 [INFO] Refreshing listener credentials
2022-12-31 02:01:41,198 [INFO] Scheduling next credential refresh in 1799.0 seconds
2022-12-31 02:03:56,104 [INFO] command processing is alive.
2022-12-31 02:08:56,669 [INFO] command processing is alive.
2022-12-31 02:13:57,155 [INFO] command processing is alive.
2022-12-31 02:18:57,680 [INFO] command processing is alive.
2022-12-31 02:23:58,207 [INFO] command processing is alive.
2022-12-31 02:28:58,703 [INFO] command processing is alive.
2022-12-31 02:31:40,199 [INFO] Refreshing listener credentials
2022-12-31 02:31:40,296 [INFO] Scheduling next credential refresh in 1799.0 seconds
2022-12-31 02:33:59,228 [INFO] command processing is alive.
2022-12-31 02:38:59,781 [INFO] command processing is alive.
2022-12-31 02:44:00,321 [INFO] command processing is alive.
2022-12-31 02:49:00,840 [INFO] command processing is alive.
2022-12-31 02:54:01,357 [INFO] command processing is alive.
2022-12-31 02:59:01,883 [INFO] command processing is alive.
2022-12-31 03:01:39,296 [INFO] Refreshing listener credentials
2022-12-31 03:01:39,391 [INFO] Scheduling next credential refresh in 1799.0 seconds
2022-12-31 03:04:02,459 [INFO] command processing is alive.
2022-12-31 03:09:03,023 [INFO] command processing is alive.
2022-12-31 03:14:03,517 [INFO] command processing is alive.
2022-12-31 03:19:04,011 [INFO] command processing is alive.
2022-12-31 03:24:04,519 [INFO] command processing is alive.
2022-12-31 03:29:05,008 [INFO] command processing is alive.
2022-12-31 03:31:38,392 [INFO] Refreshing listener credentials
2022-12-31 03:31:38,498 [INFO] Scheduling next credential refresh in 1799.0 seconds
2022-12-31 03:34:05,550 [INFO] command processing is alive.
2022-12-31 03:39:06,045 [INFO] command processing is alive.
2022-12-31 03:44:06,562 [INFO] command processing is alive.
2022-12-31 03:49:07,055 [INFO] command processing is alive.
2022-12-31 03:54:07,554 [INFO] command processing is alive.
2022-12-31 03:59:08,061 [INFO] command processing is alive.
2022-12-31 04:01:37,498 [INFO] Refreshing listener credentials
2022-12-31 04:01:37,595 [INFO] Scheduling next credential refresh in 1799.0 seconds
2022-12-31 04:04:08,585 [INFO] command processing is alive.
2022-12-31 04:09:09,088 [INFO] command processing is alive.
2022-12-31 04:14:09,588 [INFO] command processing is alive.
2022-12-31 04:19:10,109 [INFO] command processing is alive.
2022-12-31 04:24:10,604 [INFO] command processing is alive.
2022-12-31 04:29:11,140 [INFO] command processing is alive.
2022-12-31 04:31:36,595 [INFO] Refreshing listener credentials
2022-12-31 04:31:36,702 [INFO] Scheduling next credential refresh in 1799.0 seconds
2022-12-31 04:34:11,674 [INFO] command processing is alive.
2022-12-31 04:39:12,163 [INFO] command processing is alive.
2022-12-31 04:44:12,677 [INFO] command processing is alive.
2022-12-31 04:49:13,157 [INFO] command processing is alive.
2022-12-31 04:54:13,680 [INFO] command processing is alive.
2022-12-31 04:59:14,184 [INFO] command processing is alive.
2022-12-31 05:01:35,703 [INFO] Refreshing listener credentials
2022-12-31 05:01:35,805 [INFO] Scheduling next credential refresh in 1799.0 seconds
2022-12-31 05:04:14,684 [INFO] command processing is alive.
2022-12-31 05:09:15,175 [INFO] command processing is alive.
2022-12-31 05:14:15,670 [INFO] command processing is alive.
2022-12-31 05:19:16,266 [INFO] command processing is alive.
2022-12-31 05:24:16,756 [INFO] command processing is alive.
2022-12-31 05:29:17,241 [INFO] command processing is alive.
2022-12-31 05:31:34,806 [INFO] Refreshing listener credentials
2022-12-31 05:31:34,923 [INFO] Scheduling next credential refresh in 1799.0 seconds
2022-12-31 05:34:17,746 [INFO] command processing is alive.
2022-12-31 05:39:18,245 [INFO] command processing is alive.
2022-12-31 05:44:18,745 [INFO] command processing is alive.
2022-12-31 05:49:19,256 [INFO] command processing is alive.
2022-12-31 05:54:19,743 [INFO] command processing is alive.
2022-12-31 05:59:20,254 [INFO] command processing is alive.
2022-12-31 06:01:33,924 [INFO] Refreshing listener credentials
2022-12-31 06:01:34,021 [INFO] Scheduling next credential refresh in 1799.0 seconds
2022-12-31 06:04:20,771 [INFO] command processing is alive.
2022-12-31 06:09:21,267 [INFO] command processing is alive.
2022-12-31 06:14:21,768 [INFO] command processing is alive.
2022-12-31 06:19:22,276 [INFO] command processing is alive.
2022-12-31 06:24:22,786 [INFO] command processing is alive.
2022-12-31 06:29:23,284 [INFO] command processing is alive.
2022-12-31 06:31:33,021 [INFO] Refreshing listener credentials
2022-12-31 06:31:33,112 [INFO] Scheduling next credential refresh in 1799.0 seconds
2022-12-31 06:34:23,829 [INFO] command processing is alive.
2022-12-31 06:39:24,339 [INFO] command processing is alive.
2022-12-31 06:44:24,831 [INFO] command processing is alive.
2022-12-31 06:49:25,410 [INFO] command processing is alive.
2022-12-31 06:54:25,902 [INFO] command processing is alive.
2022-12-31 06:59:26,467 [INFO] command processing is alive.
2022-12-31 07:01:32,112 [INFO] Refreshing listener credentials
2022-12-31 07:01:32,212 [INFO] Scheduling next credential refresh in 1799.0 seconds
2022-12-31 07:04:26,969 [INFO] command processing is alive.
2022-12-31 07:09:27,470 [INFO] command processing is alive.
2022-12-31 07:14:27,961 [INFO] command processing is alive.
2022-12-31 07:19:28,539 [INFO] command processing is alive.
2022-12-31 07:24:29,012 [INFO] command processing is alive.
2022-12-31 07:29:29,507 [INFO] command processing is alive.
2022-12-31 07:31:31,213 [INFO] Refreshing listener credentials
2022-12-31 07:31:31,308 [INFO] Scheduling next credential refresh in 1799.0 seconds
2022-12-31 07:34:30,031 [INFO] command processing is alive.
2022-12-31 07:39:30,574 [INFO] command processing is alive.
2022-12-31 07:44:31,078 [INFO] command processing is alive.
2022-12-31 07:49:31,556 [INFO] command processing is alive.
2022-12-31 07:54:32,043 [INFO] command processing is alive.
2022-12-31 07:59:32,635 [INFO] command processing is alive.
2022-12-31 08:01:30,308 [INFO] Refreshing listener credentials
2022-12-31 08:01:30,401 [INFO] Scheduling next credential refresh in 1799.0 seconds
2022-12-31 08:04:33,352 [INFO] command processing is alive.
2022-12-31 08:09:33,861 [INFO] command processing is alive.
2022-12-31 08:14:34,359 [INFO] command processing is alive.
2022-12-31 08:19:34,982 [INFO] command processing is alive.
2022-12-31 08:24:35,501 [INFO] command processing is alive.
2022-12-31 08:29:36,004 [INFO] command processing is alive.
2022-12-31 08:31:29,401 [INFO] Refreshing listener credentials
2022-12-31 08:31:29,512 [INFO] Scheduling next credential refresh in 1799.0 seconds
2022-12-31 08:34:36,490 [INFO] command processing is alive.
2022-12-31 08:39:36,997 [INFO] command processing is alive.
2022-12-31 08:44:37,587 [INFO] command processing is alive.
2022-12-31 08:49:38,097 [INFO] command processing is alive.
2022-12-31 08:54:38,567 [INFO] command processing is alive.
2022-12-31 08:59:39,082 [INFO] command processing is alive.
2022-12-31 09:01:28,512 [INFO] Refreshing listener credentials
2022-12-31 09:01:28,617 [INFO] Scheduling next credential refresh in 1799.0 seconds
2022-12-31 09:04:39,777 [INFO] command processing is alive.
2022-12-31 09:09:40,271 [INFO] command processing is alive.
2022-12-31 09:14:40,746 [INFO] command processing is alive.
2022-12-31 09:19:41,255 [INFO] command processing is alive.
2022-12-31 09:24:41,877 [INFO] command processing is alive.
2022-12-31 09:29:42,414 [INFO] command processing is alive.
2022-12-31 09:31:27,617 [INFO] Refreshing listener credentials
2022-12-31 09:31:27,725 [INFO] Scheduling next credential refresh in 1799.0 seconds
2022-12-31 09:34:42,924 [INFO] command processing is alive.
2022-12-31 09:39:43,499 [INFO] command processing is alive.
2022-12-31 09:44:44,007 [INFO] command processing is alive.
2022-12-31 09:49:44,536 [INFO] command processing is alive.
2022-12-31 09:54:45,038 [INFO] command processing is alive.
2022-12-31 09:59:45,539 [INFO] command processing is alive.
2022-12-31 10:01:26,726 [INFO] Refreshing listener credentials
2022-12-31 10:01:26,816 [INFO] Scheduling next credential refresh in 1799.0 seconds
2022-12-31 10:04:46,026 [INFO] command processing is alive.
2022-12-31 10:09:46,524 [INFO] command processing is alive.
2022-12-31 10:14:47,012 [INFO] command processing is alive.
2022-12-31 10:19:47,548 [INFO] command processing is alive.
2022-12-31 10:24:48,037 [INFO] command processing is alive.
2022-12-31 10:29:48,558 [INFO] command processing is alive.
2022-12-31 10:31:25,817 [INFO] Refreshing listener credentials
2022-12-31 10:31:25,923 [INFO] Scheduling next credential refresh in 1799.0 seconds
2022-12-31 10:34:49,056 [INFO] command processing is alive.
2022-12-31 10:39:49,587 [INFO] command processing is alive.
2022-12-31 10:44:50,134 [INFO] command processing is alive.
2022-12-31 10:49:50,648 [INFO] command processing is alive.
2022-12-31 10:54:51,141 [INFO] command processing is alive.
2022-12-31 10:59:51,650 [INFO] command processing is alive.
2022-12-31 11:01:24,924 [INFO] Refreshing listener credentials
2022-12-31 11:01:25,019 [INFO] Scheduling next credential refresh in 1799.0 seconds
2022-12-31 11:04:52,139 [INFO] command processing is alive.
2022-12-31 11:09:52,621 [INFO] command processing is alive.
2022-12-31 11:14:53,131 [INFO] command processing is alive.
2022-12-31 11:19:53,670 [INFO] command processing is alive.
2022-12-31 11:24:54,146 [INFO] command processing is alive.
2022-12-31 11:29:54,652 [INFO] command processing is alive.
2022-12-31 11:31:24,020 [INFO] Refreshing listener credentials
2022-12-31 11:31:24,121 [INFO] Scheduling next credential refresh in 1799.0 seconds
2022-12-31 11:34:55,136 [INFO] command processing is alive.
2022-12-31 11:39:55,680 [INFO] command processing is alive.
2022-12-31 11:44:56,140 [INFO] command processing is alive.
2022-12-31 11:49:56,635 [INFO] command processing is alive.
2022-12-31 11:54:57,146 [INFO] command processing is alive.
2022-12-31 11:59:57,632 [INFO] command processing is alive.
2022-12-31 12:01:23,122 [INFO] Refreshing listener credentials
2022-12-31 12:01:23,213 [INFO] Scheduling next credential refresh in 1799.0 seconds
2022-12-31 12:04:58,125 [INFO] command processing is alive.
2022-12-31 12:09:58,629 [INFO] command processing is alive.
2022-12-31 12:14:59,143 [INFO] command processing is alive.
2022-12-31 12:19:59,643 [INFO] command processing is alive.
2022-12-31 12:25:00,148 [INFO] command processing is alive.
2022-12-31 12:30:00,637 [INFO] command processing is alive.
2022-12-31 12:31:22,213 [INFO] Refreshing listener credentials
2022-12-31 12:31:22,301 [INFO] Scheduling next credential refresh in 1799.0 seconds
2022-12-31 12:35:01,120 [INFO] command processing is alive.
2022-12-31 12:40:01,606 [INFO] command processing is alive.
2022-12-31 12:45:02,127 [INFO] command processing is alive.
2022-12-31 12:50:02,623 [INFO] command processing is alive.
2022-12-31 12:55:03,120 [INFO] command processing is alive.
2022-12-31 13:00:03,641 [INFO] command processing is alive.
2022-12-31 13:01:21,302 [INFO] Refreshing listener credentials
2022-12-31 13:01:21,398 [INFO] Scheduling next credential refresh in 1799.0 seconds
2022-12-31 13:05:04,140 [INFO] command processing is alive.
2022-12-31 13:10:04,663 [INFO] command processing is alive.
2022-12-31 13:15:05,150 [INFO] command processing is alive.
2022-12-31 13:20:05,644 [INFO] command processing is alive.
2022-12-31 13:25:06,201 [INFO] command processing is alive.
2022-12-31 13:30:06,695 [INFO] command processing is alive.
2022-12-31 13:31:20,398 [INFO] Refreshing listener credentials
2022-12-31 13:31:20,527 [INFO] Scheduling next credential refresh in 1799.0 seconds
2022-12-31 13:35:07,262 [INFO] command processing is alive.
2022-12-31 13:40:07,734 [INFO] command processing is alive.
2022-12-31 13:45:08,287 [INFO] command processing is alive.
2022-12-31 13:50:08,843 [INFO] command processing is alive.
2022-12-31 13:55:09,368 [INFO] command processing is alive.
2022-12-31 14:00:09,865 [INFO] command processing is alive.
2022-12-31 14:01:19,527 [INFO] Refreshing listener credentials
2022-12-31 14:01:19,615 [INFO] Scheduling next credential refresh in 1799.0 seconds
2022-12-31 14:05:10,384 [INFO] command processing is alive.
2022-12-31 14:10:10,893 [INFO] command processing is alive.
2022-12-31 14:15:11,387 [INFO] command processing is alive.
2022-12-31 14:20:11,891 [INFO] command processing is alive.
2022-12-31 14:25:12,396 [INFO] command processing is alive.
2022-12-31 14:30:12,936 [INFO] command processing is alive.
2022-12-31 14:31:18,616 [INFO] Refreshing listener credentials
2022-12-31 14:31:18,714 [INFO] Scheduling next credential refresh in 1799.0 seconds
2022-12-31 14:35:13,419 [INFO] command processing is alive.
2022-12-31 14:40:13,921 [INFO] command processing is alive.
2022-12-31 14:45:14,415 [INFO] command processing is alive.
2022-12-31 14:50:14,950 [INFO] command processing is alive.
2022-12-31 14:55:15,436 [INFO] command processing is alive.
2022-12-31 15:00:15,946 [INFO] command processing is alive.
2022-12-31 15:01:17,714 [INFO] Refreshing listener credentials
2022-12-31 15:01:17,805 [INFO] Scheduling next credential refresh in 1799.0 seconds
2022-12-31 15:05:16,478 [INFO] command processing is alive.
2022-12-31 15:10:16,999 [INFO] command processing is alive.
2022-12-31 15:15:17,517 [INFO] command processing is alive.
2022-12-31 15:20:18,001 [INFO] command processing is alive.
2022-12-31 15:25:18,499 [INFO] command processing is alive.
2022-12-31 15:30:18,999 [INFO] command processing is alive.
2022-12-31 15:31:16,806 [INFO] Refreshing listener credentials
2022-12-31 15:31:16,904 [INFO] Scheduling next credential refresh in 1799.0 seconds
2022-12-31 15:35:19,513 [INFO] command processing is alive.
2022-12-31 15:40:20,035 [INFO] command processing is alive.
2022-12-31 15:45:20,542 [INFO] command processing is alive.
2022-12-31 15:50:21,043 [INFO] command processing is alive.
2022-12-31 15:55:21,625 [INFO] command processing is alive.
2022-12-31 16:00:22,187 [INFO] command processing is alive.
2022-12-31 16:01:15,905 [INFO] Refreshing listener credentials
2022-12-31 16:01:16,001 [INFO] Scheduling next credential refresh in 1799.0 seconds
2022-12-31 16:05:22,693 [INFO] command processing is alive.
2022-12-31 16:10:23,183 [INFO] command processing is alive.
2022-12-31 16:15:23,685 [INFO] command processing is alive.
2022-12-31 16:20:24,169 [INFO] command processing is alive.
2022-12-31 16:25:24,652 [INFO] command processing is alive.
2022-12-31 16:30:25,159 [INFO] command processing is alive.
2022-12-31 16:31:15,002 [INFO] Refreshing listener credentials
2022-12-31 16:31:15,101 [INFO] Scheduling next credential refresh in 1799.0 seconds
2022-12-31 16:35:25,677 [INFO] command processing is alive.
2022-12-31 16:40:26,193 [INFO] command processing is alive.
2022-12-31 16:45:26,721 [INFO] command processing is alive.
2022-12-31 16:50:27,239 [INFO] command processing is alive.
2022-12-31 16:55:27,747 [INFO] command processing is alive.
2022-12-31 17:00:28,252 [INFO] command processing is alive.
2022-12-31 17:01:14,101 [INFO] Refreshing listener credentials
2022-12-31 17:01:14,189 [INFO] Scheduling next credential refresh in 1799.0 seconds
2022-12-31 17:05:28,761 [INFO] command processing is alive.
2022-12-31 17:10:29,325 [INFO] command processing is alive.
2022-12-31 17:15:29,837 [INFO] command processing is alive.
2022-12-31 17:20:30,351 [INFO] command processing is alive.
2022-12-31 17:25:30,823 [INFO] command processing is alive.
2022-12-31 17:30:31,342 [INFO] command processing is alive.
2022-12-31 17:31:13,190 [INFO] Refreshing listener credentials
2022-12-31 17:31:13,286 [INFO] Scheduling next credential refresh in 1799.0 seconds
2022-12-31 17:35:31,919 [INFO] command processing is alive.
2022-12-31 17:40:32,496 [INFO] command processing is alive.
2022-12-31 17:45:33,001 [INFO] command processing is alive.
2022-12-31 17:50:33,592 [INFO] command processing is alive.
2022-12-31 17:55:34,093 [INFO] command processing is alive.
2022-12-31 18:00:34,584 [INFO] command processing is alive.
2022-12-31 18:01:12,286 [INFO] Refreshing listener credentials
2022-12-31 18:01:12,409 [INFO] Scheduling next credential refresh in 1799.0 seconds
2022-12-31 18:05:35,124 [INFO] command processing is alive.
2022-12-31 18:10:35,642 [INFO] command processing is alive.
2022-12-31 18:15:36,218 [INFO] command processing is alive.
2022-12-31 18:20:36,724 [INFO] command processing is alive.
2022-12-31 18:25:37,221 [INFO] command processing is alive.
2022-12-31 18:30:37,742 [INFO] command processing is alive.
2022-12-31 18:31:11,410 [INFO] Refreshing listener credentials
2022-12-31 18:31:11,501 [INFO] Scheduling next credential refresh in 1799.0 seconds
2022-12-31 18:35:38,266 [INFO] command processing is alive.
2022-12-31 18:40:38,758 [INFO] command processing is alive.
2022-12-31 18:45:39,256 [INFO] command processing is alive.
2022-12-31 18:50:39,819 [INFO] command processing is alive.
2022-12-31 18:55:40,316 [INFO] command processing is alive.
2022-12-31 19:00:40,821 [INFO] command processing is alive.
2022-12-31 19:01:10,501 [INFO] Refreshing listener credentials
2022-12-31 19:01:10,597 [INFO] Scheduling next credential refresh in 1799.0 seconds
2022-12-31 19:05:41,327 [INFO] command processing is alive.
2022-12-31 19:10:41,891 [INFO] command processing is alive.
2022-12-31 19:15:42,393 [INFO] command processing is alive.
2022-12-31 19:20:42,882 [INFO] command processing is alive.
2022-12-31 19:25:43,441 [INFO] command processing is alive.
2022-12-31 19:30:43,935 [INFO] command processing is alive.
2022-12-31 19:31:09,597 [INFO] Refreshing listener credentials
2022-12-31 19:31:09,710 [INFO] Scheduling next credential refresh in 1799.0 seconds
2022-12-31 19:35:44,439 [INFO] command processing is alive.
2022-12-31 19:40:44,948 [INFO] command processing is alive.
2022-12-31 19:45:45,437 [INFO] command processing is alive.
2022-12-31 19:50:45,934 [INFO] command processing is alive.
2022-12-31 19:55:46,449 [INFO] command processing is alive.
2022-12-31 20:00:46,933 [INFO] command processing is alive.
2022-12-31 20:01:08,711 [INFO] Refreshing listener credentials
2022-12-31 20:01:08,798 [INFO] Scheduling next credential refresh in 1799.0 seconds
2022-12-31 20:05:47,398 [INFO] command processing is alive.
2022-12-31 20:10:47,900 [INFO] command processing is alive.
2022-12-31 20:15:48,402 [INFO] command processing is alive.
2022-12-31 20:20:48,882 [INFO] command processing is alive.
2022-12-31 20:25:49,397 [INFO] command processing is alive.
2022-12-31 20:30:49,894 [INFO] command processing is alive.
2022-12-31 20:31:07,798 [INFO] Refreshing listener credentials
2022-12-31 20:31:07,893 [INFO] Scheduling next credential refresh in 1799.0 seconds
2022-12-31 20:35:50,386 [INFO] command processing is alive.
2022-12-31 20:40:50,885 [INFO] command processing is alive.
2022-12-31 20:45:51,412 [INFO] command processing is alive.
2022-12-31 20:50:51,912 [INFO] command processing is alive.
2022-12-31 20:55:52,393 [INFO] command processing is alive.
2022-12-31 21:00:52,881 [INFO] command processing is alive.
2022-12-31 21:01:06,894 [INFO] Refreshing listener credentials
2022-12-31 21:01:07,010 [INFO] Scheduling next credential refresh in 1799.0 seconds
2022-12-31 21:05:53,403 [INFO] command processing is alive.
2022-12-31 21:10:53,903 [INFO] command processing is alive.
2022-12-31 21:15:54,388 [INFO] command processing is alive.
2022-12-31 21:20:54,896 [INFO] command processing is alive.
2022-12-31 21:25:55,414 [INFO] command processing is alive.
2022-12-31 21:30:55,933 [INFO] command processing is alive.
2022-12-31 21:31:06,011 [INFO] Refreshing listener credentials
2022-12-31 21:31:06,119 [INFO] Scheduling next credential refresh in 1799.0 seconds
2022-12-31 21:35:56,427 [INFO] command processing is alive.
2022-12-31 21:40:56,988 [INFO] command processing is alive.
2022-12-31 21:45:57,476 [INFO] command processing is alive.
2022-12-31 21:50:57,979 [INFO] command processing is alive.
2022-12-31 21:55:58,440 [INFO] command processing is alive.
2022-12-31 22:00:58,938 [INFO] command processing is alive.
2022-12-31 22:01:05,120 [INFO] Refreshing listener credentials
2022-12-31 22:01:05,231 [INFO] Scheduling next credential refresh in 1799.0 seconds
2022-12-31 22:05:59,456 [INFO] command processing is alive.
2022-12-31 22:10:59,954 [INFO] command processing is alive.
2022-12-31 22:16:00,464 [INFO] command processing is alive.
2022-12-31 22:21:00,955 [INFO] command processing is alive.
2022-12-31 22:26:01,464 [INFO] command processing is alive.
2022-12-31 22:31:01,952 [INFO] command processing is alive.
2022-12-31 22:31:04,231 [INFO] Refreshing listener credentials
2022-12-31 22:31:04,349 [INFO] Scheduling next credential refresh in 1799.0 seconds
2022-12-31 22:36:02,459 [INFO] command processing is alive.
2022-12-31 22:41:02,969 [INFO] command processing is alive.
2022-12-31 22:46:03,521 [INFO] command processing is alive.
2022-12-31 22:51:04,016 [INFO] command processing is alive.
2022-12-31 22:56:04,501 [INFO] command processing is alive.
2022-12-31 23:01:03,349 [INFO] Refreshing listener credentials
2022-12-31 23:01:03,465 [INFO] Scheduling next credential refresh in 1799.0 seconds
2022-12-31 23:01:05,063 [INFO] command processing is alive.
2022-12-31 23:06:05,582 [INFO] command processing is alive.
2022-12-31 23:11:06,077 [INFO] command processing is alive.
2022-12-31 23:16:06,628 [INFO] command processing is alive.
2022-12-31 23:21:07,128 [INFO] command processing is alive.
2022-12-31 23:26:07,673 [INFO] command processing is alive.
2022-12-31 23:31:02,466 [INFO] Refreshing listener credentials
2022-12-31 23:31:02,586 [INFO] Scheduling next credential refresh in 1799.0 seconds
2022-12-31 23:31:08,225 [INFO] command processing is alive.
2022-12-31 23:36:08,733 [INFO] command processing is alive.
2022-12-31 23:41:09,272 [INFO] command processing is alive.
2022-12-31 23:46:09,779 [INFO] command processing is alive.
2022-12-31 23:51:10,310 [INFO] command processing is alive.
2022-12-31 23:56:10,810 [INFO] command processing is alive.
2023-01-01 00:01:01,586 [INFO] Refreshing listener credentials
2023-01-01 00:01:01,696 [INFO] Scheduling next credential refresh in 1799.0 seconds
2023-01-01 00:01:11,304 [INFO] command processing is alive.
2023-01-01 00:06:11,806 [INFO] command processing is alive.
2023-01-01 00:11:12,315 [INFO] command processing is alive.
2023-01-01 00:16:12,828 [INFO] command processing is alive.
2023-01-01 00:21:13,328 [INFO] command processing is alive.
2023-01-01 00:26:13,878 [INFO] command processing is alive.
2023-01-01 00:31:00,697 [INFO] Refreshing listener credentials
2023-01-01 00:31:00,795 [INFO] Scheduling next credential refresh in 1799.0 seconds
2023-01-01 00:31:14,410 [INFO] command processing is alive.
2023-01-01 00:36:14,913 [INFO] command processing is alive.
2023-01-01 00:41:15,414 [INFO] command processing is alive.
2023-01-01 00:46:15,916 [INFO] command processing is alive.
2023-01-01 00:51:16,442 [INFO] command processing is alive.
2023-01-01 00:56:16,945 [INFO] command processing is alive.
2023-01-01 01:00:59,796 [INFO] Refreshing listener credentials
2023-01-01 01:00:59,889 [INFO] Scheduling next credential refresh in 1799.0 seconds
2023-01-01 01:01:17,421 [INFO] command processing is alive.
2023-01-01 01:06:17,923 [INFO] command processing is alive.
2023-01-01 01:11:18,489 [INFO] command processing is alive.
2023-01-01 01:16:19,043 [INFO] command processing is alive.
2023-01-01 01:21:19,518 [INFO] command processing is alive.
2023-01-01 01:26:20,010 [INFO] command processing is alive.
2023-01-01 01:30:58,890 [INFO] Refreshing listener credentials
2023-01-01 01:30:58,979 [INFO] Scheduling next credential refresh in 1799.0 seconds
2023-01-01 01:31:20,530 [INFO] command processing is alive.
2023-01-01 01:36:21,042 [INFO] command processing is alive.
2023-01-01 01:41:21,534 [INFO] command processing is alive.
2023-01-01 01:46:22,119 [INFO] command processing is alive.
2023-01-01 01:51:22,628 [INFO] command processing is alive.
2023-01-01 01:56:23,140 [INFO] command processing is alive.
2023-01-01 02:00:57,980 [INFO] Refreshing listener credentials
2023-01-01 02:00:58,072 [INFO] Scheduling next credential refresh in 1799.0 seconds
2023-01-01 02:01:23,731 [INFO] command processing is alive.
2023-01-01 02:06:24,216 [INFO] command processing is alive.
2023-01-01 02:11:24,731 [INFO] command processing is alive.
2023-01-01 02:16:25,278 [INFO] command processing is alive.
2023-01-01 02:21:25,784 [INFO] command processing is alive.
2023-01-01 02:26:26,289 [INFO] command processing is alive.
2023-01-01 02:30:57,073 [INFO] Refreshing listener credentials
2023-01-01 02:30:57,168 [INFO] Scheduling next credential refresh in 1799.0 seconds
2023-01-01 02:31:26,836 [INFO] command processing is alive.
2023-01-01 02:36:27,331 [INFO] command processing is alive.
2023-01-01 02:41:27,834 [INFO] command processing is alive.
2023-01-01 02:46:28,338 [INFO] command processing is alive.
2023-01-01 02:51:28,845 [INFO] command processing is alive.
2023-01-01 02:56:29,336 [INFO] command processing is alive.
2023-01-01 03:00:56,169 [INFO] Refreshing listener credentials
2023-01-01 03:00:56,268 [INFO] Scheduling next credential refresh in 1799.0 seconds
2023-01-01 03:01:29,856 [INFO] command processing is alive.
2023-01-01 03:06:30,381 [INFO] command processing is alive.
2023-01-01 03:11:30,868 [INFO] command processing is alive.
2023-01-01 03:16:31,374 [INFO] command processing is alive.
2023-01-01 03:21:31,850 [INFO] command processing is alive.
2023-01-01 03:26:32,342 [INFO] command processing is alive.
2023-01-01 03:30:55,268 [INFO] Refreshing listener credentials
2023-01-01 03:30:55,391 [INFO] Scheduling next credential refresh in 1799.0 seconds
2023-01-01 03:31:32,831 [INFO] command processing is alive.
2023-01-01 03:36:33,436 [INFO] command processing is alive.
2023-01-01 03:41:34,041 [INFO] command processing is alive.
2023-01-01 03:46:34,544 [INFO] command processing is alive.
2023-01-01 03:51:35,048 [INFO] command processing is alive.
2023-01-01 03:56:35,550 [INFO] command processing is alive.
2023-01-01 04:00:54,392 [INFO] Refreshing listener credentials
2023-01-01 04:00:54,489 [INFO] Scheduling next credential refresh in 1799.0 seconds
2023-01-01 04:01:36,032 [INFO] command processing is alive.
2023-01-01 04:06:36,541 [INFO] command processing is alive.
2023-01-01 04:11:37,070 [INFO] command processing is alive.
2023-01-01 04:16:37,578 [INFO] command processing is alive.
2023-01-01 04:21:38,085 [INFO] command processing is alive.
2023-01-01 04:26:38,606 [INFO] command processing is alive.
2023-01-01 04:30:53,490 [INFO] Refreshing listener credentials
2023-01-01 04:30:53,604 [INFO] Scheduling next credential refresh in 1799.0 seconds
2023-01-01 04:31:39,118 [INFO] command processing is alive.
2023-01-01 04:36:39,626 [INFO] command processing is alive.
2023-01-01 04:41:40,125 [INFO] command processing is alive.
2023-01-01 04:46:40,657 [INFO] command processing is alive.
2023-01-01 04:51:41,159 [INFO] command processing is alive.
2023-01-01 04:56:41,650 [INFO] command processing is alive.
2023-01-01 05:00:52,604 [INFO] Refreshing listener credentials
2023-01-01 05:00:52,699 [INFO] Scheduling next credential refresh in 1799.0 seconds
2023-01-01 05:01:42,211 [INFO] command processing is alive.
2023-01-01 05:06:42,750 [INFO] command processing is alive.
2023-01-01 05:11:43,372 [INFO] command processing is alive.
2023-01-01 05:16:43,893 [INFO] command processing is alive.
2023-01-01 05:21:44,491 [INFO] command processing is alive.
2023-01-01 05:26:44,999 [INFO] command processing is alive.
2023-01-01 05:30:51,699 [INFO] Refreshing listener credentials
2023-01-01 05:30:51,799 [INFO] Scheduling next credential refresh in 1799.0 seconds
2023-01-01 05:31:45,541 [INFO] command processing is alive.
2023-01-01 05:36:46,071 [INFO] command processing is alive.
2023-01-01 05:41:46,565 [INFO] command processing is alive.
2023-01-01 05:46:47,113 [INFO] command processing is alive.
2023-01-01 05:51:47,628 [INFO] command processing is alive.
2023-01-01 05:56:48,136 [INFO] command processing is alive.
2023-01-01 06:00:50,799 [INFO] Refreshing listener credentials
2023-01-01 06:00:50,898 [INFO] Scheduling next credential refresh in 1799.0 seconds
2023-01-01 06:01:48,632 [INFO] command processing is alive.
2023-01-01 06:06:49,144 [INFO] command processing is alive.
2023-01-01 06:11:49,639 [INFO] command processing is alive.
2023-01-01 06:16:50,152 [INFO] command processing is alive.
2023-01-01 06:21:50,630 [INFO] command processing is alive.
2023-01-01 06:26:51,105 [INFO] command processing is alive.
2023-01-01 06:30:49,898 [INFO] Refreshing listener credentials
2023-01-01 06:30:50,002 [INFO] Scheduling next credential refresh in 1799.0 seconds
2023-01-01 06:31:51,586 [INFO] command processing is alive.
2023-01-01 06:36:52,069 [INFO] command processing is alive.
2023-01-01 06:41:52,562 [INFO] command processing is alive.
2023-01-01 06:46:53,051 [INFO] command processing is alive.
2023-01-01 06:51:53,556 [INFO] command processing is alive.
2023-01-01 06:56:54,047 [INFO] command processing is alive.
2023-01-01 07:00:49,002 [INFO] Refreshing listener credentials
2023-01-01 07:00:49,096 [INFO] Scheduling next credential refresh in 1799.0 seconds
2023-01-01 07:01:54,511 [INFO] command processing is alive.
2023-01-01 07:06:55,021 [INFO] command processing is alive.
2023-01-01 07:11:55,535 [INFO] command processing is alive.
2023-01-01 07:16:56,116 [INFO] command processing is alive.
2023-01-01 07:21:56,636 [INFO] command processing is alive.
2023-01-01 07:26:57,133 [INFO] command processing is alive.
2023-01-01 07:30:48,097 [INFO] Refreshing listener credentials
2023-01-01 07:30:48,191 [INFO] Scheduling next credential refresh in 1799.0 seconds
2023-01-01 07:31:57,625 [INFO] command processing is alive.
2023-01-01 07:36:58,126 [INFO] command processing is alive.
2023-01-01 07:41:58,617 [INFO] command processing is alive.
2023-01-01 07:46:59,116 [INFO] command processing is alive.
2023-01-01 07:51:59,604 [INFO] command processing is alive.
2023-01-01 07:57:00,115 [INFO] command processing is alive.
2023-01-01 08:00:47,192 [INFO] Refreshing listener credentials
2023-01-01 08:00:47,295 [INFO] Scheduling next credential refresh in 1799.0 seconds
2023-01-01 08:02:00,619 [INFO] command processing is alive.
2023-01-01 08:07:01,142 [INFO] command processing is alive.
2023-01-01 08:12:01,634 [INFO] command processing is alive.
2023-01-01 08:17:02,166 [INFO] command processing is alive.
2023-01-01 08:22:02,676 [INFO] command processing is alive.
2023-01-01 08:27:03,202 [INFO] command processing is alive.
2023-01-01 08:30:46,295 [INFO] Refreshing listener credentials
2023-01-01 08:30:46,398 [INFO] Scheduling next credential refresh in 1799.0 seconds
2023-01-01 08:32:03,712 [INFO] command processing is alive.
2023-01-01 08:37:04,313 [INFO] command processing is alive.
2023-01-01 08:42:04,826 [INFO] command processing is alive.
2023-01-01 08:47:05,324 [INFO] command processing is alive.
2023-01-01 08:52:05,883 [INFO] command processing is alive.
2023-01-01 08:57:06,378 [INFO] command processing is alive.
2023-01-01 09:00:45,398 [INFO] Refreshing listener credentials
2023-01-01 09:00:45,504 [INFO] Scheduling next credential refresh in 1799.0 seconds
2023-01-01 09:02:06,899 [INFO] command processing is alive.
2023-01-01 09:07:07,472 [INFO] command processing is alive.
2023-01-01 09:12:07,972 [INFO] command processing is alive.
2023-01-01 09:17:08,483 [INFO] command processing is alive.
2023-01-01 09:22:08,995 [INFO] command processing is alive.
2023-01-01 09:27:09,516 [INFO] command processing is alive.
2023-01-01 09:30:44,505 [INFO] Refreshing listener credentials
2023-01-01 09:30:44,614 [INFO] Scheduling next credential refresh in 1799.0 seconds
2023-01-01 09:32:10,025 [INFO] command processing is alive.
2023-01-01 09:37:10,524 [INFO] command processing is alive.
2023-01-01 09:42:11,080 [INFO] command processing is alive.
2023-01-01 09:47:11,565 [INFO] command processing is alive.
2023-01-01 09:52:12,062 [INFO] command processing is alive.
2023-01-01 09:57:12,567 [INFO] command processing is alive.
2023-01-01 10:00:43,615 [INFO] Refreshing listener credentials
2023-01-01 10:00:43,715 [INFO] Scheduling next credential refresh in 1799.0 seconds
2023-01-01 10:02:13,065 [INFO] command processing is alive.
2023-01-01 10:07:13,582 [INFO] command processing is alive.
2023-01-01 10:12:14,058 [INFO] command processing is alive.
2023-01-01 10:17:14,626 [INFO] command processing is alive.
2023-01-01 10:22:15,118 [INFO] command processing is alive.
2023-01-01 10:27:15,621 [INFO] command processing is alive.
2023-01-01 10:30:42,716 [INFO] Refreshing listener credentials
2023-01-01 10:30:42,801 [INFO] Scheduling next credential refresh in 1799.0 seconds
2023-01-01 10:32:16,134 [INFO] command processing is alive.
2023-01-01 10:37:16,618 [INFO] command processing is alive.
2023-01-01 10:42:17,123 [INFO] command processing is alive.
2023-01-01 10:47:17,633 [INFO] command processing is alive.
2023-01-01 10:52:18,144 [INFO] command processing is alive.
2023-01-01 10:57:18,653 [INFO] command processing is alive.
2023-01-01 11:00:41,801 [INFO] Refreshing listener credentials
2023-01-01 11:00:41,899 [INFO] Scheduling next credential refresh in 1799.0 seconds
2023-01-01 11:02:19,232 [INFO] command processing is alive.
2023-01-01 11:07:19,745 [INFO] command processing is alive.
2023-01-01 11:12:20,231 [INFO] command processing is alive.
2023-01-01 11:17:20,724 [INFO] command processing is alive.
2023-01-01 11:22:21,242 [INFO] command processing is alive.
2023-01-01 11:27:21,766 [INFO] command processing is alive.
2023-01-01 11:30:40,899 [INFO] Refreshing listener credentials
2023-01-01 11:30:41,005 [INFO] Scheduling next credential refresh in 1799.0 seconds
2023-01-01 11:32:22,283 [INFO] command processing is alive.
2023-01-01 11:37:22,767 [INFO] command processing is alive.
2023-01-01 11:42:23,304 [INFO] command processing is alive.
2023-01-01 11:47:23,815 [INFO] command processing is alive.
2023-01-01 11:52:24,317 [INFO] command processing is alive.
2023-01-01 11:57:24,837 [INFO] command processing is alive.
2023-01-01 12:00:40,005 [INFO] Refreshing listener credentials
2023-01-01 12:00:40,109 [INFO] Scheduling next credential refresh in 1799.0 seconds
2023-01-01 12:02:25,382 [INFO] command processing is alive.
2023-01-01 12:07:25,878 [INFO] command processing is alive.
2023-01-01 12:12:26,386 [INFO] command processing is alive.
2023-01-01 12:17:26,895 [INFO] command processing is alive.
2023-01-01 12:22:27,420 [INFO] command processing is alive.
2023-01-01 12:27:27,935 [INFO] command processing is alive.
2023-01-01 12:30:39,110 [INFO] Refreshing listener credentials
2023-01-01 12:30:39,285 [INFO] Scheduling next credential refresh in 1799.0 seconds
2023-01-01 12:32:28,501 [INFO] command processing is alive.
2023-01-01 12:37:29,001 [INFO] command processing is alive.
2023-01-01 12:42:29,495 [INFO] command processing is alive.
2023-01-01 12:47:29,990 [INFO] command processing is alive.
2023-01-01 12:52:30,509 [INFO] command processing is alive.
2023-01-01 12:57:30,992 [INFO] command processing is alive.
2023-01-01 13:00:38,286 [INFO] Refreshing listener credentials
2023-01-01 13:00:38,388 [INFO] Scheduling next credential refresh in 1799.0 seconds
2023-01-01 13:02:31,489 [INFO] command processing is alive.
2023-01-01 13:07:31,987 [INFO] command processing is alive.
2023-01-01 13:12:32,541 [INFO] command processing is alive.
2023-01-01 13:17:33,022 [INFO] command processing is alive.
2023-01-01 13:22:33,531 [INFO] command processing is alive.
2023-01-01 13:27:34,018 [INFO] command processing is alive.
2023-01-01 13:30:37,389 [INFO] Refreshing listener credentials
2023-01-01 13:30:37,498 [INFO] Scheduling next credential refresh in 1799.0 seconds
2023-01-01 13:32:34,508 [INFO] command processing is alive.
2023-01-01 13:37:34,987 [INFO] command processing is alive.
2023-01-01 13:42:35,484 [INFO] command processing is alive.
2023-01-01 13:47:35,977 [INFO] command processing is alive.
2023-01-01 13:52:36,475 [INFO] command processing is alive.
2023-01-01 13:57:36,963 [INFO] command processing is alive.
2023-01-01 14:00:36,499 [INFO] Refreshing listener credentials
2023-01-01 14:00:36,600 [INFO] Scheduling next credential refresh in 1799.0 seconds
2023-01-01 14:02:37,442 [INFO] command processing is alive.
2023-01-01 14:07:37,940 [INFO] command processing is alive.
2023-01-01 14:11:09,418 [INFO] Received command ElasticBeanstalkCommand-AWSEBAutoScalingGroup (invocation id: 6cc59aab-77b8-47c8-bbcb-38dd744c9cf3)
2023-01-01 14:11:09,419 [INFO] Running action for aws-eb-command-handler
2023-01-01 14:11:30,105 [INFO] Action for aws-eb-command-handler succeeded, returning SUCCESS
2023-01-01 14:12:50,315 [INFO] command processing is alive.
2023-01-01 14:17:50,801 [INFO] command processing is alive.
2023-01-01 14:22:51,306 [INFO] command processing is alive.
2023-01-01 14:27:51,792 [INFO] command processing is alive.
2023-01-01 14:30:35,601 [INFO] Refreshing listener credentials
2023-01-01 14:30:35,706 [INFO] Scheduling next credential refresh in 1799.0 seconds
2023-01-01 14:32:52,267 [INFO] command processing is alive.
2023-01-01 14:37:52,775 [INFO] command processing is alive.
2023-01-01 14:42:53,280 [INFO] command processing is alive.
2023-01-01 14:47:53,770 [INFO] command processing is alive.
2023-01-01 14:52:54,276 [INFO] command processing is alive.
2023-01-01 14:57:54,837 [INFO] command processing is alive.
2023-01-01 15:00:34,706 [INFO] Refreshing listener credentials
2023-01-01 15:00:34,811 [INFO] Scheduling next credential refresh in 1799.0 seconds
2023-01-01 15:02:55,327 [INFO] command processing is alive.
2023-01-01 15:07:55,821 [INFO] command processing is alive.
2023-01-01 15:12:56,334 [INFO] command processing is alive.
2023-01-01 15:17:56,832 [INFO] command processing is alive.
2023-01-01 15:22:57,339 [INFO] command processing is alive.
2023-01-01 15:27:57,879 [INFO] command processing is alive.
2023-01-01 15:30:33,812 [INFO] Refreshing listener credentials
2023-01-01 15:30:33,919 [INFO] Scheduling next credential refresh in 1799.0 seconds
2023-01-01 15:32:58,371 [INFO] command processing is alive.
2023-01-01 15:37:58,885 [INFO] command processing is alive.
2023-01-01 15:42:59,411 [INFO] command processing is alive.
2023-01-01 15:47:59,908 [INFO] command processing is alive.
2023-01-01 15:53:00,457 [INFO] command processing is alive.
2023-01-01 15:58:00,962 [INFO] command processing is alive.
2023-01-01 16:00:32,920 [INFO] Refreshing listener credentials
2023-01-01 16:00:33,015 [INFO] Scheduling next credential refresh in 1799.0 seconds
2023-01-01 16:03:01,459 [INFO] command processing is alive.
2023-01-01 16:08:01,983 [INFO] command processing is alive.
2023-01-01 16:09:04,233 [INFO] Received command ElasticBeanstalkCommand-AWSEBAutoScalingGroup (invocation id: c32a3a9f-6c95-45ca-a065-c27352bc0570)
2023-01-01 16:09:04,233 [INFO] Running action for aws-eb-command-handler
