2022-12-30T09:02:13.001536329Z container prune  (reclaimed=0)
2022-12-30T09:02:42.731915476Z image pull python:2.7 (name=python)
2022-12-30T09:02:42.988000705Z container create 573e0f13f90edb66b99379ec99615a2a0426dfe2e53326bc47396200f28089a8 (image=sha256:12b19b29c4c2c996a73bffb393f5b7fb0d266df24704bc4be48f16b79038a565, name=magical_panini)
2022-12-30T09:02:43.056225119Z container destroy 573e0f13f90edb66b99379ec99615a2a0426dfe2e53326bc47396200f28089a8 (image=sha256:12b19b29c4c2c996a73bffb393f5b7fb0d266df24704bc4be48f16b79038a565, name=magical_panini)
2022-12-30T09:02:43.075232094Z container create 1dd5267deebd57eff505be38029eed0bbdafec8a18645cf7a798b28c53e2b179 (image=sha256:2a95420fe565e82c7c414fa716d166726c722a2b4540ccd3d1ac22637cabd0d8, name=jolly_engelbart)
2022-12-30T09:02:43.144055515Z container destroy 1dd5267deebd57eff505be38029eed0bbdafec8a18645cf7a798b28c53e2b179 (image=sha256:2a95420fe565e82c7c414fa716d166726c722a2b4540ccd3d1ac22637cabd0d8, name=jolly_engelbart)
2022-12-30T09:02:43.149011864Z image tag sha256:06ed9f2066859a7c6680c59a7809e5384399d291f55f0848b9b09e575841c46a (name=aws_beanstalk/staging-app:latest)
2022-12-30T09:02:45.401708808Z container create a1a3244206a09bff06624cb6056e95aece69cbb12938fca4997fd5489d2c5f68 (image=06ed9f206685, name=keen_noyce)
2022-12-30T09:02:45.468378764Z network connect f47b362af100a9cd9aca19fedb36723a6f96ce381dd72fb17861ff150d2c7daf (container=a1a3244206a09bff06624cb6056e95aece69cbb12938fca4997fd5489d2c5f68, name=bridge, type=bridge)
2022-12-30T09:02:46.033908763Z container start a1a3244206a09bff06624cb6056e95aece69cbb12938fca4997fd5489d2c5f68 (image=06ed9f206685, name=keen_noyce)
2022-12-30T09:02:51.480057400Z image tag sha256:06ed9f2066859a7c6680c59a7809e5384399d291f55f0848b9b09e575841c46a (name=aws_beanstalk/current-app:latest)
2022-12-30T09:02:51.508882848Z image untag sha256:06ed9f2066859a7c6680c59a7809e5384399d291f55f0848b9b09e575841c46a (name=sha256:06ed9f2066859a7c6680c59a7809e5384399d291f55f0848b9b09e575841c46a)
2023-01-01T14:11:10.413799868Z container prune  (reclaimed=0)
2023-01-01T14:11:10.640830138Z image tag sha256:06ed9f2066859a7c6680c59a7809e5384399d291f55f0848b9b09e575841c46a (name=aws_beanstalk/staging-app:latest)
2023-01-01T14:11:12.739631822Z container kill a1a3244206a09bff06624cb6056e95aece69cbb12938fca4997fd5489d2c5f68 (image=06ed9f206685, name=keen_noyce, signal=15)
2023-01-01T14:11:22.753149054Z container kill a1a3244206a09bff06624cb6056e95aece69cbb12938fca4997fd5489d2c5f68 (image=06ed9f206685, name=keen_noyce, signal=9)
2023-01-01T14:11:22.781651293Z container die a1a3244206a09bff06624cb6056e95aece69cbb12938fca4997fd5489d2c5f68 (exitCode=137, image=06ed9f206685, name=keen_noyce)
2023-01-01T14:11:22.836209333Z network disconnect f47b362af100a9cd9aca19fedb36723a6f96ce381dd72fb17861ff150d2c7daf (container=a1a3244206a09bff06624cb6056e95aece69cbb12938fca4997fd5489d2c5f68, name=bridge, type=bridge)
2023-01-01T14:11:22.848300867Z container stop a1a3244206a09bff06624cb6056e95aece69cbb12938fca4997fd5489d2c5f68 (image=06ed9f206685, name=keen_noyce)
2023-01-01T14:11:23.296537398Z container destroy a1a3244206a09bff06624cb6056e95aece69cbb12938fca4997fd5489d2c5f68 (image=06ed9f206685, name=keen_noyce)
2023-01-01T14:11:23.296595806Z container prune  (reclaimed=58814)
2023-01-01T14:11:23.350121684Z image untag sha256:06ed9f2066859a7c6680c59a7809e5384399d291f55f0848b9b09e575841c46a (name=sha256:06ed9f2066859a7c6680c59a7809e5384399d291f55f0848b9b09e575841c46a)
2023-01-01T14:11:23.396663145Z container create db4d715cf437017cefb83be8ff5f611c7f9c972439359859cdd3dbdef5e6f5db (image=06ed9f206685, name=recursing_panini)
2023-01-01T14:11:23.466951017Z network connect f47b362af100a9cd9aca19fedb36723a6f96ce381dd72fb17861ff150d2c7daf (container=db4d715cf437017cefb83be8ff5f611c7f9c972439359859cdd3dbdef5e6f5db, name=bridge, type=bridge)
2023-01-01T14:11:23.866190667Z container start db4d715cf437017cefb83be8ff5f611c7f9c972439359859cdd3dbdef5e6f5db (image=06ed9f206685, name=recursing_panini)
2023-01-01T14:11:29.233048828Z image tag sha256:06ed9f2066859a7c6680c59a7809e5384399d291f55f0848b9b09e575841c46a (name=aws_beanstalk/current-app:latest)
2023-01-01T14:11:29.260922044Z image untag sha256:06ed9f2066859a7c6680c59a7809e5384399d291f55f0848b9b09e575841c46a (name=sha256:06ed9f2066859a7c6680c59a7809e5384399d291f55f0848b9b09e575841c46a)
