[2022-12-30T09:02:03Z] Started EB User Data
+ SLEEP_TIME=2
+ SLEEP_TIME_MAX=3600
+ true
+ curl https://elasticbeanstalk-platform-assets-ap-northeast-1.s3.ap-northeast-1.amazonaws.com/stalks/eb_docker_amazon_linux_2_1.0.2278.0_20221227194214/lib/UserDataScript.sh
  % Total    % Received % Xferd  Average Speed   Time    Time     Time  Current
                                 Dload  Upload   Total   Spent    Left  Speed
  0     0    0     0    0     0      0      0 --:--:-- --:--:-- --:--:--     0100  4627  100  4627    0     0  60824      0 --:--:-- --:--:-- --:--:-- 61693
+ RESULT=0
+ [[ 0 -ne 0 ]]
+ /bin/bash /tmp/ebbootstrap.sh 'https://cloudformation-waitcondition-ap-northeast-1.s3-ap-northeast-1.amazonaws.com/arn%3Aaws%3Acloudformation%3Aap-northeast-1%3A720471010358%3Astack/awseb-e-pmhkgpna59-stack/d87fdac0-8812-11ed-919e-06c3a23489ed/AWSEBInstanceLaunchWaitHandle?X-Amz-Algorithm=AWS4-HMAC-SHA256&X-Amz-Date=20221230T072331Z&X-Amz-SignedHeaders=host&X-Amz-Expires=86399&X-Amz-Credential=AKIASU3QWAIZOQBBO25R%2F20221230%2Fap-northeast-1%2Fs3%2Faws4_request&X-Amz-Signature=2dee721471d8143a65d1b9b9b7be87096d4c951c18f75c5ef29cea1588c5127d' arn:aws:cloudformation:ap-northeast-1:720471010358:stack/awseb-e-pmhkgpna59-stack/d87fdac0-8812-11ed-919e-06c3a23489ed cc25734f-56a5-4ad9-93cc-ebd019fc30cd https://elasticbeanstalk-health.ap-northeast-1.amazonaws.com '' https://elasticbeanstalk-platform-assets-ap-northeast-1.s3.ap-northeast-1.amazonaws.com/stalks/eb_docker_amazon_linux_2_1.0.2278.0_20221227194214 ap-northeast-1
[2022-12-30T09:02:03.250Z] Started EB Bootstrapping Script.
[2022-12-30T09:02:03.264Z] Received parameters:
 TARBALLS = 
 EB_GEMS = 
 SIGNAL_URL = https://cloudformation-waitcondition-ap-northeast-1.s3-ap-northeast-1.amazonaws.com/arn%3Aaws%3Acloudformation%3Aap-northeast-1%3A720471010358%3Astack/awseb-e-pmhkgpna59-stack/d87fdac0-8812-11ed-919e-06c3a23489ed/AWSEBInstanceLaunchWaitHandle?X-Amz-Algorithm=AWS4-HMAC-SHA256&X-Amz-Date=20221230T072331Z&X-Amz-SignedHeaders=host&X-Amz-Expires=86399&X-Amz-Credential=AKIASU3QWAIZOQBBO25R%2F20221230%2Fap-northeast-1%2Fs3%2Faws4_request&X-Amz-Signature=2dee721471d8143a65d1b9b9b7be87096d4c951c18f75c5ef29cea1588c5127d
 STACK_ID = arn:aws:cloudformation:ap-northeast-1:720471010358:stack/awseb-e-pmhkgpna59-stack/d87fdac0-8812-11ed-919e-06c3a23489ed
 REGION = ap-northeast-1
 GUID = 
 HEALTHD_GROUP_ID = cc25734f-56a5-4ad9-93cc-ebd019fc30cd
 HEALTHD_ENDPOINT = https://elasticbeanstalk-health.ap-northeast-1.amazonaws.com
 PROXY_SERVER = 
 HEALTHD_PROXY_LOG_LOCATION = 
 PLATFORM_ASSETS_URL = https://elasticbeanstalk-platform-assets-ap-northeast-1.s3.ap-northeast-1.amazonaws.com/stalks/eb_docker_amazon_linux_2_1.0.2278.0_20221227194214
[2022-12-30T09:02:03.361Z] engine url is set to https://elasticbeanstalk-platform-assets-ap-northeast-1.s3.ap-northeast-1.amazonaws.com/stalks/eb_docker_amazon_linux_2_1.0.2278.0_20221227194214/lib/platform-engine.zip
[2022-12-30T09:02:03.375Z] first init of instance.
[2022-12-30T09:02:03.392Z] Started executing cfn_init _OnInstanceBoot.
[2022-12-30T09:02:03.403Z] Running cfn-init ConfigSet: _OnInstanceBoot.
[2022-12-30T09:02:03.433Z] Using stack-id from userdata
[2022-12-30T09:02:04.423Z] Command Returned: 
[2022-12-30T09:02:04.430Z] Completed executing cfn_init.
[2022-12-30T09:02:04.441Z] finished _OnInstanceBoot
--2022-12-30 09:02:04--  https://elasticbeanstalk-platform-assets-ap-northeast-1.s3.ap-northeast-1.amazonaws.com/stalks/eb_docker_amazon_linux_2_1.0.2278.0_20221227194214/lib/platform-engine.zip
Resolving elasticbeanstalk-platform-assets-ap-northeast-1.s3.ap-northeast-1.amazonaws.com (elasticbeanstalk-platform-assets-ap-northeast-1.s3.ap-northeast-1.amazonaws.com)... 52.219.195.106, 52.219.1.23, 52.219.8.55, ...
Connecting to elasticbeanstalk-platform-assets-ap-northeast-1.s3.ap-northeast-1.amazonaws.com (elasticbeanstalk-platform-assets-ap-northeast-1.s3.ap-northeast-1.amazonaws.com)|52.219.195.106|:443... connected.
HTTP request sent, awaiting response... 200 OK
Length: 27096864 (26M) [application/zip]
Saving to: ‘/tmp/platform-engine.zip’

     0K .......... .......... .......... .......... ..........  0% 6.34M 4s
    50K .......... .......... .......... .......... ..........  0% 3.65M 6s
   100K .......... .......... .......... .......... ..........  0% 12.2M 4s
   150K .......... .......... .......... .......... ..........  0% 5.34M 4s
   200K .......... .......... .......... .......... ..........  0%  126M 4s
   250K .......... .......... .......... .......... ..........  1% 6.41M 4s
   300K .......... .......... .......... .......... ..........  1%  129M 3s
   350K .......... .......... .......... .......... ..........  1% 4.54M 3s
   400K .......... .......... .......... .......... ..........  1%  130M 3s
   450K .......... .......... .......... .......... ..........  1% 5.09M 3s
   500K .......... .......... .......... .......... ..........  2%  145M 3s
   550K .......... .......... .......... .......... ..........  2% 5.91M 3s
   600K .......... .......... .......... .......... ..........  2% 5.21M 3s
   650K .......... .......... .......... .......... ..........  2% 6.32M 3s
   700K .......... .......... .......... .......... ..........  2%  211M 3s
   750K .......... .......... .......... .......... ..........  3% 6.74M 3s
   800K .......... .......... .......... .......... ..........  3%  168M 3s
   850K .......... .......... .......... .......... ..........  3% 7.24M 3s
   900K .......... .......... .......... .......... ..........  3%  258M 3s
   950K .......... .......... .......... .......... ..........  3% 6.05M 3s
  1000K .......... .......... .......... .......... ..........  3% 4.65M 3s
  1050K .......... .......... .......... .......... ..........  4%  233M 3s
  1100K .......... .......... .......... .......... ..........  4% 5.68M 3s
  1150K .......... .......... .......... .......... ..........  4%  228M 3s
  1200K .......... .......... .......... .......... ..........  4% 6.51M 3s
  1250K .......... .......... .......... .......... ..........  4%  231M 3s
  1300K .......... .......... .......... .......... ..........  5% 6.38M 3s
  1350K .......... .......... .......... .......... ..........  5%  203M 3s
  1400K .......... .......... .......... .......... ..........  5%  160M 3s
  1450K .......... .......... .......... .......... ..........  5% 5.93M 3s
  1500K .......... .......... .......... .......... ..........  5%  159M 3s
  1550K .......... .......... .......... .......... ..........  6% 6.01M 3s
  1600K .......... .......... .......... .......... ..........  6%  233M 2s
  1650K .......... .......... .......... .......... ..........  6%  153M 2s
  1700K .......... .......... .......... .......... ..........  6% 5.72M 2s
  1750K .......... .......... .......... .......... ..........  6%  263M 2s
  1800K .......... .......... .......... .......... ..........  6%  154M 2s
  1850K .......... .......... .......... .......... ..........  7% 5.82M 2s
  1900K .......... .......... .......... .......... ..........  7%  149M 2s
  1950K .......... .......... .......... .......... ..........  7%  227M 2s
  2000K .......... .......... .......... .......... ..........  7% 5.79M 2s
  2050K .......... .......... .......... .......... ..........  7%  144M 2s
  2100K .......... .......... .......... .......... ..........  8%  236M 2s
  2150K .......... .......... .......... .......... ..........  8% 5.24M 2s
  2200K .......... .......... .......... .......... ..........  8%  130M 2s
  2250K .......... .......... .......... .......... ..........  8%  231M 2s
  2300K .......... .......... .......... .......... ..........  8% 5.05M 2s
  2350K .......... .......... .......... .......... ..........  9%  225M 2s
  2400K .......... .......... .......... .......... ..........  9%  125M 2s
  2450K .......... .......... .......... .......... ..........  9% 5.74M 2s
  2500K .......... .......... .......... .......... ..........  9%  216M 2s
  2550K .......... .......... .......... .......... ..........  9%  144M 2s
  2600K .......... .......... .......... .......... .......... 10%  155M 2s
  2650K .......... .......... .......... .......... .......... 10% 5.68M 2s
  2700K .......... .......... .......... .......... .......... 10%  239M 2s
  2750K .......... .......... .......... .......... .......... 10%  122M 2s
  2800K .......... .......... .......... .......... .......... 10%  226M 2s
  2850K .......... .......... .......... .......... .......... 10% 5.34M 2s
  2900K .......... .......... .......... .......... .......... 11%  123M 2s
  2950K .......... .......... .......... .......... .......... 11%  235M 2s
  3000K .......... .......... .......... .......... .......... 11%  275M 2s
  3050K .......... .......... .......... .......... .......... 11% 5.49M 2s
  3100K .......... .......... .......... .......... .......... 11%  129M 2s
  3150K .......... .......... .......... .......... .......... 12%  234M 2s
  3200K .......... .......... .......... .......... .......... 12% 5.38M 2s
  3250K .......... .......... .......... .......... .......... 12%  213M 2s
  3300K .......... .......... .......... .......... .......... 12%  114M 2s
  3350K .......... .......... .......... .......... .......... 12%  233M 2s
  3400K .......... .......... .......... .......... .......... 13%  277M 2s
  3450K .......... .......... .......... .......... .......... 13% 6.12M 2s
  3500K .......... .......... .......... .......... .......... 13%  233M 2s
  3550K .......... .......... .......... .......... .......... 13%  116M 2s
  3600K .......... .......... .......... .......... .......... 13%  247M 2s
  3650K .......... .......... .......... .......... .......... 13% 5.39M 2s
  3700K .......... .......... .......... .......... .......... 14%  225M 2s
  3750K .......... .......... .......... .......... .......... 14%  101M 2s
  3800K .......... .......... .......... .......... .......... 14%  232M 2s
  3850K .......... .......... .......... .......... .......... 14%  273M 2s
  3900K .......... .......... .......... .......... .......... 14% 6.21M 2s
  3950K .......... .......... .......... .......... .......... 15%  215M 2s
  4000K .......... .......... .......... .......... .......... 15%  100M 2s
  4050K .......... .......... .......... .......... .......... 15%  214M 2s
  4100K .......... .......... .......... .......... .......... 15%  250M 2s
  4150K .......... .......... .......... .......... .......... 15%  242M 2s
  4200K .......... .......... .......... .......... .......... 16% 6.52M 2s
  4250K .......... .......... .......... .......... .......... 16%  263M 2s
  4300K .......... .......... .......... .......... .......... 16%  106M 2s
  4350K .......... .......... .......... .......... .......... 16%  240M 1s
  4400K .......... .......... .......... .......... .......... 16%  242M 1s
  4450K .......... .......... .......... .......... .......... 17% 6.91M 1s
  4500K .......... .......... .......... .......... .......... 17%  223M 1s
  4550K .......... .......... .......... .......... .......... 17%  104M 1s
  4600K .......... .......... .......... .......... .......... 17%  240M 1s
  4650K .......... .......... .......... .......... .......... 17%  246M 1s
  4700K .......... .......... .......... .......... .......... 17%  106M 1s
  4750K .......... .......... .......... .......... .......... 18% 76.3M 1s
  4800K .......... .......... .......... .......... .......... 18%  171M 1s
  4850K .......... .......... .......... .......... .......... 18%  154M 1s
  4900K .......... .......... .......... .......... .......... 18% 99.9M 1s
  4950K .......... .......... .......... .......... .......... 18%  239M 1s
  5000K .......... .......... .......... .......... .......... 19% 7.40M 1s
  5050K .......... .......... .......... .......... .......... 19%  239M 1s
  5100K .......... .......... .......... .......... .......... 19% 87.3M 1s
  5150K .......... .......... .......... .......... .......... 19%  267M 1s
  5200K .......... .......... .......... .......... .......... 19%  248M 1s
  5250K .......... .......... .......... .......... .......... 20%  239M 1s
  5300K .......... .......... .......... .......... .......... 20% 6.37M 1s
  5350K .......... .......... .......... .......... .......... 20%  226M 1s
  5400K .......... .......... .......... .......... .......... 20% 69.2M 1s
  5450K .......... .......... .......... .......... .......... 20%  247M 1s
  5500K .......... .......... .......... .......... .......... 20%  243M 1s
  5550K .......... .......... .......... .......... .......... 21%  265M 1s
  5600K .......... .......... .......... .......... .......... 21%  240M 1s
  5650K .......... .......... .......... .......... .......... 21% 7.68M 1s
  5700K .......... .......... .......... .......... .......... 21%  223M 1s
  5750K .......... .......... .......... .......... .......... 21% 79.3M 1s
  5800K .......... .......... .......... .......... .......... 22%  244M 1s
  5850K .......... .......... .......... .......... .......... 22%  243M 1s
  5900K .......... .......... .......... .......... .......... 22%  247M 1s
  5950K .......... .......... .......... .......... .......... 22%  281M 1s
  6000K .......... .......... .......... .......... .......... 22%  275M 1s
  6050K .......... .......... .......... .......... .......... 23% 5.81M 1s
  6100K .......... .......... .......... .......... .......... 23%  238M 1s
  6150K .......... .......... .......... .......... .......... 23% 83.2M 1s
  6200K .......... .......... .......... .......... .......... 23%  240M 1s
  6250K .......... .......... .......... .......... .......... 23%  234M 1s
  6300K .......... .......... .......... .......... .......... 23%  228M 1s
  6350K .......... .......... .......... .......... .......... 24%  242M 1s
  6400K .......... .......... .......... .......... .......... 24%  271M 1s
  6450K .......... .......... .......... .......... .......... 24% 5.49M 1s
  6500K .......... .......... .......... .......... .......... 24% 66.1M 1s
  6550K .......... .......... .......... .......... .......... 24%  233M 1s
  6600K .......... .......... .......... .......... .......... 25%  140M 1s
  6650K .......... .......... .......... .......... .......... 25% 99.0M 1s
  6700K .......... .......... .......... .......... .......... 25%  101M 1s
  6750K .......... .......... .......... .......... .......... 25% 97.0M 1s
  6800K .......... .......... .......... .......... .......... 25%  105M 1s
  6850K .......... .......... .......... .......... .......... 26% 5.62M 1s
  6900K .......... .......... .......... .......... .......... 26%  232M 1s
  6950K .......... .......... .......... .......... .......... 26%  236M 1s
  7000K .......... .......... .......... .......... .......... 26%  241M 1s
  7050K .......... .......... .......... .......... .......... 26%  232M 1s
  7100K .......... .......... .......... .......... .......... 27%  237M 1s
  7150K .......... .......... .......... .......... .......... 27%  114M 1s
  7200K .......... .......... .......... .......... .......... 27% 67.3M 1s
  7250K .......... .......... .......... .......... .......... 27% 55.7M 1s
  7300K .......... .......... .......... .......... .......... 27% 86.3M 1s
  7350K .......... .......... .......... .......... .......... 27% 72.5M 1s
  7400K .......... .......... .......... .......... .......... 28% 40.7M 1s
  7450K .......... .......... .......... .......... .......... 28% 97.6M 1s
  7500K .......... .......... .......... .......... .......... 28% 85.8M 1s
  7550K .......... .......... .......... .......... .......... 28% 49.3M 1s
  7600K .......... .......... .......... .......... .......... 28% 57.1M 1s
  7650K .......... .......... .......... .......... .......... 29% 90.9M 1s
  7700K .......... .......... .......... .......... .......... 29% 60.7M 1s
  7750K .......... .......... .......... .......... .......... 29% 50.4M 1s
  7800K .......... .......... .......... .......... .......... 29% 75.5M 1s
  7850K .......... .......... .......... .......... .......... 29% 5.09M 1s
  7900K .......... .......... .......... .......... .......... 30% 90.3M 1s
  7950K .......... .......... .......... .......... .......... 30% 98.7M 1s
  8000K .......... .......... .......... .......... .......... 30% 92.2M 1s
  8050K .......... .......... .......... .......... .......... 30% 93.4M 1s
  8100K .......... .......... .......... .......... .......... 30%  106M 1s
  8150K .......... .......... .......... .......... .......... 30% 94.7M 1s
  8200K .......... .......... .......... .......... .......... 31% 48.5M 1s
  8250K .......... .......... .......... .......... .......... 31% 88.0M 1s
  8300K .......... .......... .......... .......... .......... 31% 75.5M 1s
  8350K .......... .......... .......... .......... .......... 31% 79.0M 1s
  8400K .......... .......... .......... .......... .......... 31% 29.8M 1s
  8450K .......... .......... .......... .......... .......... 32% 89.1M 1s
  8500K .......... .......... .......... .......... .......... 32%  100M 1s
  8550K .......... .......... .......... .......... .......... 32%  117M 1s
  8600K .......... .......... .......... .......... .......... 32% 79.9M 1s
  8650K .......... .......... .......... .......... .......... 32% 75.1M 1s
  8700K .......... .......... .......... .......... .......... 33%  103M 1s
  8750K .......... .......... .......... .......... .......... 33%  101M 1s
  8800K .......... .......... .......... .......... .......... 33% 70.8M 1s
  8850K .......... .......... .......... .......... .......... 33% 53.3M 1s
  8900K .......... .......... .......... .......... .......... 33%  102M 1s
  8950K .......... .......... .......... .......... .......... 34%  103M 1s
  9000K .......... .......... .......... .......... .......... 34% 5.53M 1s
  9050K .......... .......... .......... .......... .......... 34%  100M 1s
  9100K .......... .......... .......... .......... .......... 34%  103M 1s
  9150K .......... .......... .......... .......... .......... 34%  102M 1s
  9200K .......... .......... .......... .......... .......... 34% 46.3M 1s
  9250K .......... .......... .......... .......... .......... 35%  101M 1s
  9300K .......... .......... .......... .......... .......... 35%  100M 1s
  9350K .......... .......... .......... .......... .......... 35% 81.6M 1s
  9400K .......... .......... .......... .......... .......... 35% 29.5M 1s
  9450K .......... .......... .......... .......... .......... 35% 85.6M 1s
  9500K .......... .......... .......... .......... .......... 36% 87.5M 1s
  9550K .......... .......... .......... .......... .......... 36% 66.2M 1s
  9600K .......... .......... .......... .......... .......... 36% 66.8M 1s
  9650K .......... .......... .......... .......... .......... 36% 77.0M 1s
  9700K .......... .......... .......... .......... .......... 36% 86.8M 1s
  9750K .......... .......... .......... .......... .......... 37% 58.6M 1s
  9800K .......... .......... .......... .......... .......... 37% 76.2M 1s
  9850K .......... .......... .......... .......... .......... 37% 92.0M 1s
  9900K .......... .......... .......... .......... .......... 37% 5.20M 1s
  9950K .......... .......... .......... .......... .......... 37%  103M 1s
 10000K .......... .......... .......... .......... .......... 37% 95.8M 1s
 10050K .......... .......... .......... .......... .......... 38% 91.8M 1s
 10100K .......... .......... .......... .......... .......... 38% 63.9M 1s
 10150K .......... .......... .......... .......... .......... 38% 70.3M 1s
 10200K .......... .......... .......... .......... .......... 38% 94.5M 1s
 10250K .......... .......... .......... .......... .......... 38%  108M 1s
 10300K .......... .......... .......... .......... .......... 39% 59.6M 1s
 10350K .......... .......... .......... .......... .......... 39% 37.7M 1s
 10400K .......... .......... .......... .......... .......... 39% 83.1M 1s
 10450K .......... .......... .......... .......... .......... 39% 76.0M 1s
 10500K .......... .......... .......... .......... .......... 39%  100M 1s
 10550K .......... .......... .......... .......... .......... 40%  103M 1s
 10600K .......... .......... .......... .......... .......... 40% 65.5M 1s
 10650K .......... .......... .......... .......... .......... 40% 61.4M 1s
 10700K .......... .......... .......... .......... .......... 40% 89.2M 1s
 10750K .......... .......... .......... .......... .......... 40% 74.2M 1s
 10800K .......... .......... .......... .......... .......... 41% 34.9M 1s
 10850K .......... .......... .......... .......... .......... 41% 5.53M 1s
 10900K .......... .......... .......... .......... .......... 41%  103M 1s
 10950K .......... .......... .......... .......... .......... 41%  101M 1s
 11000K .......... .......... .......... .......... .......... 41%  103M 1s
 11050K .......... .......... .......... .......... .......... 41% 81.7M 1s
 11100K .......... .......... .......... .......... .......... 42% 71.5M 1s
 11150K .......... .......... .......... .......... .......... 42%  103M 1s
 11200K .......... .......... .......... .......... .......... 42% 94.0M 1s
 11250K .......... .......... .......... .......... .......... 42% 54.9M 1s
 11300K .......... .......... .......... .......... .......... 42% 37.2M 1s
 11350K .......... .......... .......... .......... .......... 43% 74.5M 1s
 11400K .......... .......... .......... .......... .......... 43%  101M 1s
 11450K .......... .......... .......... .......... .......... 43% 76.5M 1s
 11500K .......... .......... .......... .......... .......... 43%  116M 1s
 11550K .......... .......... .......... .......... .......... 43% 58.2M 1s
 11600K .......... .......... .......... .......... .......... 44%  103M 1s
 11650K .......... .......... .......... .......... .......... 44% 36.9M 1s
 11700K .......... .......... .......... .......... .......... 44%  103M 1s
 11750K .......... .......... .......... .......... .......... 44% 82.5M 1s
 11800K .......... .......... .......... .......... .......... 44%  103M 1s
 11850K .......... .......... .......... .......... .......... 44% 4.83M 1s
 11900K .......... .......... .......... .......... .......... 45%  102M 1s
 11950K .......... .......... .......... .......... .......... 45%  117M 1s
 12000K .......... .......... .......... .......... .......... 45% 94.9M 1s
 12050K .......... .......... .......... .......... .......... 45% 67.7M 1s
 12100K .......... .......... .......... .......... .......... 45% 70.3M 1s
 12150K .......... .......... .......... .......... .......... 46%  101M 1s
 12200K .......... .......... .......... .......... .......... 46%  104M 1s
 12250K .......... .......... .......... .......... .......... 46% 83.4M 1s
 12300K .......... .......... .......... .......... .......... 46% 89.5M 1s
 12350K .......... .......... .......... .......... .......... 46%  108M 1s
 12400K .......... .......... .......... .......... .......... 47%  103M 1s
 12450K .......... .......... .......... .......... .......... 47%  103M 1s
 12500K .......... .......... .......... .......... .......... 47% 99.5M 1s
 12550K .......... .......... .......... .......... .......... 47%  103M 1s
 12600K .......... .......... .......... .......... .......... 47%  103M 1s
 12650K .......... .......... .......... .......... .......... 47%  102M 1s
 12700K .......... .......... .......... .......... .......... 48%  103M 1s
 12750K .......... .......... .......... .......... .......... 48%  101M 1s
 12800K .......... .......... .......... .......... .......... 48%  115M 1s
 12850K .......... .......... .......... .......... .......... 48%  102M 1s
 12900K .......... .......... .......... .......... .......... 48% 99.8M 1s
 12950K .......... .......... .......... .......... .......... 49% 81.6M 1s
 13000K .......... .......... .......... .......... .......... 49% 64.9M 0s
 13050K .......... .......... .......... .......... .......... 49%  102M 0s
 13100K .......... .......... .......... .......... .......... 49% 99.5M 0s
 13150K .......... .......... .......... .......... .......... 49% 78.9M 0s
 13200K .......... .......... .......... .......... .......... 50% 5.14M 0s
 13250K .......... .......... .......... .......... .......... 50%  103M 0s
 13300K .......... .......... .......... .......... .......... 50%  102M 0s
 13350K .......... .......... .......... .......... .......... 50% 76.2M 0s
 13400K .......... .......... .......... .......... .......... 50% 34.7M 0s
 13450K .......... .......... .......... .......... .......... 51%  100M 0s
 13500K .......... .......... .......... .......... .......... 51%  103M 0s
 13550K .......... .......... .......... .......... .......... 51% 91.4M 0s
 13600K .......... .......... .......... .......... .......... 51% 65.1M 0s
 13650K .......... .......... .......... .......... .......... 51%  114M 0s
 13700K .......... .......... .......... .......... .......... 51% 92.4M 0s
 13750K .......... .......... .......... .......... .......... 52% 77.3M 0s
 13800K .......... .......... .......... .......... .......... 52% 35.6M 0s
 13850K .......... .......... .......... .......... .......... 52%  104M 0s
 13900K .......... .......... .......... .......... .......... 52%  102M 0s
 13950K .......... .......... .......... .......... .......... 52%  103M 0s
 14000K .......... .......... .......... .......... .......... 53% 61.4M 0s
 14050K .......... .......... .......... .......... .......... 53% 97.7M 0s
 14100K .......... .......... .......... .......... .......... 53%  103M 0s
 14150K .......... .......... .......... .......... .......... 53%  101M 0s
 14200K .......... .......... .......... .......... .......... 53% 5.59M 0s
 14250K .......... .......... .......... .......... .......... 54% 97.4M 0s
 14300K .......... .......... .......... .......... .......... 54%  101M 0s
 14350K .......... .......... .......... .......... .......... 54% 60.4M 0s
 14400K .......... .......... .......... .......... .......... 54% 99.8M 0s
 14450K .......... .......... .......... .......... .......... 54% 31.0M 0s
 14500K .......... .......... .......... .......... .......... 54%  115M 0s
 14550K .......... .......... .......... .......... .......... 55%  104M 0s
 14600K .......... .......... .......... .......... .......... 55%  103M 0s
 14650K .......... .......... .......... .......... .......... 55% 57.8M 0s
 14700K .......... .......... .......... .......... .......... 55%  102M 0s
 14750K .......... .......... .......... .......... .......... 55%  101M 0s
 14800K .......... .......... .......... .......... .......... 56% 62.9M 0s
 14850K .......... .......... .......... .......... .......... 56% 65.1M 0s
 14900K .......... .......... .......... .......... .......... 56%  116M 0s
 14950K .......... .......... .......... .......... .......... 56% 85.9M 0s
 15000K .......... .......... .......... .......... .......... 56% 6.17M 0s
 15050K .......... .......... .......... .......... .......... 57% 98.1M 0s
 15100K .......... .......... .......... .......... .......... 57% 84.0M 0s
 15150K .......... .......... .......... .......... .......... 57% 77.6M 0s
 15200K .......... .......... .......... .......... .......... 57% 28.3M 0s
 15250K .......... .......... .......... .......... .......... 57%  101M 0s
 15300K .......... .......... .......... .......... .......... 58% 99.3M 0s
 15350K .......... .......... .......... .......... .......... 58%  117M 0s
 15400K .......... .......... .......... .......... .......... 58% 94.4M 0s
 15450K .......... .......... .......... .......... .......... 58% 67.2M 0s
 15500K .......... .......... .......... .......... .......... 58%  102M 0s
 15550K .......... .......... .......... .......... .......... 58%  101M 0s
 15600K .......... .......... .......... .......... .......... 59% 71.3M 0s
 15650K .......... .......... .......... .......... .......... 59% 4.71M 0s
 15700K .......... .......... .......... .......... .......... 59% 99.7M 0s
 15750K .......... .......... .......... .......... .......... 59% 97.6M 0s
 15800K .......... .......... .......... .......... .......... 59% 88.5M 0s
 15850K .......... .......... .......... .......... .......... 60% 73.3M 0s
 15900K .......... .......... .......... .......... .......... 60%  101M 0s
 15950K .......... .......... .......... .......... .......... 60% 79.2M 0s
 16000K .......... .......... .......... .......... .......... 60% 30.7M 0s
 16050K .......... .......... .......... .......... .......... 60%  103M 0s
 16100K .......... .......... .......... .......... .......... 61%  104M 0s
 16150K .......... .......... .......... .......... .......... 61%  100M 0s
 16200K .......... .......... .......... .......... .......... 61%  117M 0s
 16250K .......... .......... .......... .......... .......... 61% 80.0M 0s
 16300K .......... .......... .......... .......... .......... 61%  102M 0s
 16350K .......... .......... .......... .......... .......... 61%  103M 0s
 16400K .......... .......... .......... .......... .......... 62% 79.3M 0s
 16450K .......... .......... .......... .......... .......... 62% 73.9M 0s
 16500K .......... .......... .......... .......... .......... 62% 96.1M 0s
 16550K .......... .......... .......... .......... .......... 62%  103M 0s
 16600K .......... .......... .......... .......... .......... 62%  114M 0s
 16650K .......... .......... .......... .......... .......... 63%  101M 0s
 16700K .......... .......... .......... .......... .......... 63% 6.52M 0s
 16750K .......... .......... .......... .......... .......... 63% 98.7M 0s
 16800K .......... .......... .......... .......... .......... 63%  102M 0s
 16850K .......... .......... .......... .......... .......... 63% 97.6M 0s
 16900K .......... .......... .......... .......... .......... 64% 90.0M 0s
 16950K .......... .......... .......... .......... .......... 64% 67.2M 0s
 17000K .......... .......... .......... .......... .......... 64% 94.2M 0s
 17050K .......... .......... .......... .......... .......... 64%  116M 0s
 17100K .......... .......... .......... .......... .......... 64% 89.1M 0s
 17150K .......... .......... .......... .......... .......... 64% 57.3M 0s
 17200K .......... .......... .......... .......... .......... 65% 71.5M 0s
 17250K .......... .......... .......... .......... .......... 65% 96.3M 0s
 17300K .......... .......... .......... .......... .......... 65%  102M 0s
 17350K .......... .......... .......... .......... .......... 65% 28.7M 0s
 17400K .......... .......... .......... .......... .......... 65%  102M 0s
 17450K .......... .......... .......... .......... .......... 66%  117M 0s
 17500K .......... .......... .......... .......... .......... 66%  102M 0s
 17550K .......... .......... .......... .......... .......... 66% 5.42M 0s
 17600K .......... .......... .......... .......... .......... 66% 94.0M 0s
 17650K .......... .......... .......... .......... .......... 66%  102M 0s
 17700K .......... .......... .......... .......... .......... 67%  102M 0s
 17750K .......... .......... .......... .......... .......... 67% 26.3M 0s
 17800K .......... .......... .......... .......... .......... 67% 90.0M 0s
 17850K .......... .......... .......... .......... .......... 67% 91.0M 0s
 17900K .......... .......... .......... .......... .......... 67%  116M 0s
 17950K .......... .......... .......... .......... .......... 68%  104M 0s
 18000K .......... .......... .......... .......... .......... 68% 85.1M 0s
 18050K .......... .......... .......... .......... .......... 68% 90.1M 0s
 18100K .......... .......... .......... .......... .......... 68%  101M 0s
 18150K .......... .......... .......... .......... .......... 68%  101M 0s
 18200K .......... .......... .......... .......... .......... 68% 66.3M 0s
 18250K .......... .......... .......... .......... .......... 69% 75.5M 0s
 18300K .......... .......... .......... .......... .......... 69%  117M 0s
 18350K .......... .......... .......... .......... .......... 69% 92.7M 0s
 18400K .......... .......... .......... .......... .......... 69% 84.3M 0s
 18450K .......... .......... .......... .......... .......... 69% 69.2M 0s
 18500K .......... .......... .......... .......... .......... 70% 98.7M 0s
 18550K .......... .......... .......... .......... .......... 70%  102M 0s
 18600K .......... .......... .......... .......... .......... 70% 5.75M 0s
 18650K .......... .......... .......... .......... .......... 70% 97.8M 0s
 18700K .......... .......... .......... .......... .......... 70%  104M 0s
 18750K .......... .......... .......... .......... .......... 71%  114M 0s
 18800K .......... .......... .......... .......... .......... 71%  102M 0s
 18850K .......... .......... .......... .......... .......... 71%  100M 0s
 18900K .......... .......... .......... .......... .......... 71%  101M 0s
 18950K .......... .......... .......... .......... .......... 71%  102M 0s
 19000K .......... .......... .......... .......... .......... 71% 93.5M 0s
 19050K .......... .......... .......... .......... .......... 72% 95.8M 0s
 19100K .......... .......... .......... .......... .......... 72%  102M 0s
 19150K .......... .......... .......... .......... .......... 72%  114M 0s
 19200K .......... .......... .......... .......... .......... 72%  102M 0s
 19250K .......... .......... .......... .......... .......... 72% 60.9M 0s
 19300K .......... .......... .......... .......... .......... 73%  101M 0s
 19350K .......... .......... .......... .......... .......... 73%  103M 0s
 19400K .......... .......... .......... .......... .......... 73% 20.0M 0s
 19450K .......... .......... .......... .......... .......... 73%  101M 0s
 19500K .......... .......... .......... .......... .......... 73%  104M 0s
 19550K .......... .......... .......... .......... .......... 74%  109M 0s
 19600K .......... .......... .......... .......... .......... 74% 76.5M 0s
 19650K .......... .......... .......... .......... .......... 74% 97.9M 0s
 19700K .......... .......... .......... .......... .......... 74%  111M 0s
 19750K .......... .......... .......... .......... .......... 74%  107M 0s
 19800K .......... .......... .......... .......... .......... 75% 71.6M 0s
 19850K .......... .......... .......... .......... .......... 75% 83.4M 0s
 19900K .......... .......... .......... .......... .......... 75%  108M 0s
 19950K .......... .......... .......... .......... .......... 75% 8.01M 0s
 20000K .......... .......... .......... .......... .......... 75%  120M 0s
 20050K .......... .......... .......... .......... .......... 75%  104M 0s
 20100K .......... .......... .......... .......... .......... 76%  109M 0s
 20150K .......... .......... .......... .......... .......... 76% 68.1M 0s
 20200K .......... .......... .......... .......... .......... 76% 75.4M 0s
 20250K .......... .......... .......... .......... .......... 76%  109M 0s
 20300K .......... .......... .......... .......... .......... 76% 95.1M 0s
 20350K .......... .......... .......... .......... .......... 77% 28.9M 0s
 20400K .......... .......... .......... .......... .......... 77%  118M 0s
 20450K .......... .......... .......... .......... .......... 77%  122M 0s
 20500K .......... .......... .......... .......... .......... 77%  102M 0s
 20550K .......... .......... .......... .......... .......... 77% 97.6M 0s
 20600K .......... .......... .......... .......... .......... 78% 71.9M 0s
 20650K .......... .......... .......... .......... .......... 78% 6.92M 0s
 20700K .......... .......... .......... .......... .......... 78%  107M 0s
 20750K .......... .......... .......... .......... .......... 78%  111M 0s
 20800K .......... .......... .......... .......... .......... 78%  108M 0s
 20850K .......... .......... .......... .......... .......... 78% 73.9M 0s
 20900K .......... .......... .......... .......... .......... 79% 88.2M 0s
 20950K .......... .......... .......... .......... .......... 79%  111M 0s
 21000K .......... .......... .......... .......... .......... 79% 90.9M 0s
 21050K .......... .......... .......... .......... .......... 79% 4.96M 0s
 21100K .......... .......... .......... .......... .......... 79%  107M 0s
 21150K .......... .......... .......... .......... .......... 80%  110M 0s
 21200K .......... .......... .......... .......... .......... 80%  111M 0s
 21250K .......... .......... .......... .......... .......... 80% 60.6M 0s
 21300K .......... .......... .......... .......... .......... 80%  116M 0s
 21350K .......... .......... .......... .......... .......... 80%  109M 0s
 21400K .......... .......... .......... .......... .......... 81% 91.8M 0s
 21450K .......... .......... .......... .......... .......... 81% 62.6M 0s
 21500K .......... .......... .......... .......... .......... 81%  111M 0s
 21550K .......... .......... .......... .......... .......... 81% 98.5M 0s
 21600K .......... .......... .......... .......... .......... 81% 92.3M 0s
 21650K .......... .......... .......... .......... .......... 82% 31.8M 0s
 21700K .......... .......... .......... .......... .......... 82%  125M 0s
 21750K .......... .......... .......... .......... .......... 82%  111M 0s
 21800K .......... .......... .......... .......... .......... 82%  113M 0s
 21850K .......... .......... .......... .......... .......... 82% 64.0M 0s
 21900K .......... .......... .......... .......... .......... 82%  111M 0s
 21950K .......... .......... .......... .......... .......... 83% 99.3M 0s
 22000K .......... .......... .......... .......... .......... 83% 96.5M 0s
 22050K .......... .......... .......... .......... .......... 83% 61.2M 0s
 22100K .......... .......... .......... .......... .......... 83%  111M 0s
 22150K .......... .......... .......... .......... .......... 83%  112M 0s
 22200K .......... .......... .......... .......... .......... 84%  107M 0s
 22250K .......... .......... .......... .......... .......... 84% 68.9M 0s
 22300K .......... .......... .......... .......... .......... 84% 6.48M 0s
 22350K .......... .......... .......... .......... .......... 84%  109M 0s
 22400K .......... .......... .......... .......... .......... 84%  109M 0s
 22450K .......... .......... .......... .......... .......... 85% 98.7M 0s
 22500K .......... .......... .......... .......... .......... 85% 63.2M 0s
 22550K .......... .......... .......... .......... .......... 85%  125M 0s
 22600K .......... .......... .......... .......... .......... 85%  113M 0s
 22650K .......... .......... .......... .......... .......... 85%  100M 0s
 22700K .......... .......... .......... .......... .......... 85% 77.9M 0s
 22750K .......... .......... .......... .......... .......... 86%  112M 0s
 22800K .......... .......... .......... .......... .......... 86%  105M 0s
 22850K .......... .......... .......... .......... .......... 86%  107M 0s
 22900K .......... .......... .......... .......... .......... 86%  113M 0s
 22950K .......... .......... .......... .......... .......... 86%  114M 0s
 23000K .......... .......... .......... .......... .......... 87%  128M 0s
 23050K .......... .......... .......... .......... .......... 87%  109M 0s
 23100K .......... .......... .......... .......... .......... 87%  112M 0s
 23150K .......... .......... .......... .......... .......... 87%  109M 0s
 23200K .......... .......... .......... .......... .......... 87%  109M 0s
 23250K .......... .......... .......... .......... .......... 88%  109M 0s
 23300K .......... .......... .......... .......... .......... 88%  103M 0s
 23350K .......... .......... .......... .......... .......... 88%  111M 0s
 23400K .......... .......... .......... .......... .......... 88%  123M 0s
 23450K .......... .......... .......... .......... .......... 88%  108M 0s
 23500K .......... .......... .......... .......... .......... 88%  106M 0s
 23550K .......... .......... .......... .......... .......... 89%  107M 0s
 23600K .......... .......... .......... .......... .......... 89% 6.34M 0s
 23650K .......... .......... .......... .......... .......... 89%  105M 0s
 23700K .......... .......... .......... .......... .......... 89%  108M 0s
 23750K .......... .......... .......... .......... .......... 89%  110M 0s
 23800K .......... .......... .......... .......... .......... 90%  104M 0s
 23850K .......... .......... .......... .......... .......... 90%  127M 0s
 23900K .......... .......... .......... .......... .......... 90%  110M 0s
 23950K .......... .......... .......... .......... .......... 90%  109M 0s
 24000K .......... .......... .......... .......... .......... 90%  110M 0s
 24050K .......... .......... .......... .......... .......... 91%  109M 0s
 24100K .......... .......... .......... .......... .......... 91%  112M 0s
 24150K .......... .......... .......... .......... .......... 91%  112M 0s
 24200K .......... .......... .......... .......... .......... 91%  111M 0s
 24250K .......... .......... .......... .......... .......... 91%  117M 0s
 24300K .......... .......... .......... .......... .......... 92%  103M 0s
 24350K .......... .......... .......... .......... .......... 92%  113M 0s
 24400K .......... .......... .......... .......... .......... 92%  110M 0s
 24450K .......... .......... .......... .......... .......... 92%  110M 0s
 24500K .......... .......... .......... .......... .......... 92%  112M 0s
 24550K .......... .......... .......... .......... .......... 92%  111M 0s
 24600K .......... .......... .......... .......... .......... 93%  108M 0s
 24650K .......... .......... .......... .......... .......... 93%  119M 0s
 24700K .......... .......... .......... .......... .......... 93%  119M 0s
 24750K .......... .......... .......... .......... .......... 93%  104M 0s
 24800K .......... .......... .......... .......... .......... 93%  112M 0s
 24850K .......... .......... .......... .......... .......... 94%  106M 0s
 24900K .......... .......... .......... .......... .......... 94%  111M 0s
 24950K .......... .......... .......... .......... .......... 94%  113M 0s
 25000K .......... .......... .......... .......... .......... 94% 8.13M 0s
 25050K .......... .......... .......... .......... .......... 94%  110M 0s
 25100K .......... .......... .......... .......... .......... 95%  127M 0s
 25150K .......... .......... .......... .......... .......... 95%  109M 0s
 25200K .......... .......... .......... .......... .......... 95%  108M 0s
 25250K .......... .......... .......... .......... .......... 95%  110M 0s
 25300K .......... .......... .......... .......... .......... 95%  112M 0s
 25350K .......... .......... .......... .......... .......... 95% 7.27M 0s
 25400K .......... .......... .......... .......... .......... 96%  106M 0s
 25450K .......... .......... .......... .......... .......... 96%  103M 0s
 25500K .......... .......... .......... .......... .......... 96%  117M 0s
 25550K .......... .......... .......... .......... .......... 96%  127M 0s
 25600K .......... .......... .......... .......... .......... 96%  105M 0s
 25650K .......... .......... .......... .......... .......... 97%  101M 0s
 25700K .......... .......... .......... .......... .......... 97%  107M 0s
 25750K .......... .......... .......... .......... .......... 97%  106M 0s
 25800K .......... .......... .......... .......... .......... 97%  112M 0s
 25850K .......... .......... .......... .......... .......... 97%  112M 0s
 25900K .......... .......... .......... .......... .......... 98%  110M 0s
 25950K .......... .......... .......... .......... .......... 98%  126M 0s
 26000K .......... .......... .......... .......... .......... 98%  110M 0s
 26050K .......... .......... .......... .......... .......... 98%  107M 0s
 26100K .......... .......... .......... .......... .......... 98% 97.2M 0s
 26150K .......... .......... .......... .......... .......... 99%  106M 0s
 26200K .......... .......... .......... .......... .......... 99%  106M 0s
 26250K .......... .......... .......... .......... .......... 99%  108M 0s
 26300K .......... .......... .......... .......... .......... 99%  102M 0s
 26350K .......... .......... .......... .......... .......... 99%  113M 0s
 26400K .......... .......... .......... .......... .......... 99%  122M 0s
 26450K .......... .                                          100% 64.8M=0.7s

2022-12-30 09:02:05 (35.1 MB/s) - ‘/tmp/platform-engine.zip’ saved [27096864/27096864]

Archive:  /tmp/platform-engine.zip
  inflating: /opt/elasticbeanstalk/bin/platform-engine  
  inflating: /opt/elasticbeanstalk/bin/publishlogs  
  inflating: /opt/elasticbeanstalk/bin/get-config  
  inflating: /opt/elasticbeanstalk/bin/pkg-repo  
  inflating: /opt/elasticbeanstalk/bin/ebdockerstart  
  inflating: /opt/elasticbeanstalk/config/private/aws-eb-command-handler.conf  
  inflating: /opt/elasticbeanstalk/config/private/aws-eb.target  
  inflating: /opt/elasticbeanstalk/config/private/beanstalk-magic  
  inflating: /opt/elasticbeanstalk/config/private/cfn-hup-wrapper  
  inflating: /opt/elasticbeanstalk/config/private/cfn-hup.conf.template  
  inflating: /opt/elasticbeanstalk/config/private/containercommandsupport/container-defaults.sh  
  inflating: /opt/elasticbeanstalk/config/private/containercommandsupport/leader-test.sh  
  inflating: /opt/elasticbeanstalk/config/private/eb-banner  
  inflating: /opt/elasticbeanstalk/config/private/guidlocking/repo.py  
  inflating: /opt/elasticbeanstalk/config/private/healthd/config.yaml.template  
  inflating: /opt/elasticbeanstalk/config/private/healthd/healthd_httpd.conf  
  inflating: /opt/elasticbeanstalk/config/private/healthd/healthd_logformat.conf  
  inflating: /opt/elasticbeanstalk/config/private/healthd/healthd_nginx.conf  
  inflating: /opt/elasticbeanstalk/config/private/healthd/healthddependency  
  inflating: /opt/elasticbeanstalk/config/private/healthd/logcleanup-cron.template  
  inflating: /opt/elasticbeanstalk/config/private/httpd/applicationport.conf.template  
  inflating: /opt/elasticbeanstalk/config/private/httpd/gzip.conf  
  inflating: /opt/elasticbeanstalk/config/private/httpd/httpd.conf.template  
  inflating: /opt/elasticbeanstalk/config/private/httpd/staticfilesmapping.conf.template  
  inflating: /opt/elasticbeanstalk/config/private/logrotate/logrotate-cron.template  
  inflating: /opt/elasticbeanstalk/config/private/logrotate/logrotate.template  
  inflating: /opt/elasticbeanstalk/config/private/logtasks/cron/publishlogs  
  inflating: /opt/elasticbeanstalk/config/private/nginx/applicationport.conf.template  
  inflating: /opt/elasticbeanstalk/config/private/nginx/nginx.conf.template  
  inflating: /opt/elasticbeanstalk/config/private/nginx/staticfilesmapping.conf.template  
  inflating: /opt/elasticbeanstalk/config/private/nginx/elasticbeanstalk-nginx-docker-upstream.template  
  inflating: /opt/elasticbeanstalk/config/private/nginx/nginx.template  
 extracting: /opt/elasticbeanstalk/config/private/restartcfn.sh  
  inflating: /opt/elasticbeanstalk/config/private/restartcloudwatchagent.sh  
  inflating: /opt/elasticbeanstalk/config/private/rsyslog.conf.template  
  inflating: /opt/elasticbeanstalk/config/private/ruby_common_env  
  inflating: /opt/elasticbeanstalk/config/private/sqsd/default.yaml.template  
  inflating: /opt/elasticbeanstalk/config/private/sqsd/sqsdversion.json  
  inflating: /opt/elasticbeanstalk/config/private/systemd-append.template  
  inflating: /opt/elasticbeanstalk/config/private/systemd.template  
  inflating: /opt/elasticbeanstalk/config/private/docker-log.conf  
  inflating: /opt/elasticbeanstalk/config/private/docker-rsyslog.conf  
  inflating: /opt/elasticbeanstalk/config/private/docker.logrotate.conf.template  
 extracting: /opt/elasticbeanstalk/config/private/dockerfile.template  
  inflating: /opt/elasticbeanstalk/config/private/eb-docker-log-sort  
  inflating: /opt/elasticbeanstalk/config/private/eb-docker-log-start  
  inflating: /opt/elasticbeanstalk/config/private/eb-docker-stop  
  inflating: /opt/elasticbeanstalk/tasks/bundlelogs.d/cfn-system.conf  
 extracting: /opt/elasticbeanstalk/tasks/bundlelogs.d/cloud-init-system.conf  
  inflating: /opt/elasticbeanstalk/tasks/bundlelogs.d/eb-app.conf  
 extracting: /opt/elasticbeanstalk/tasks/bundlelogs.d/eb-hooks.conf  
  inflating: /opt/elasticbeanstalk/tasks/bundlelogs.d/eb-system.conf  
 extracting: /opt/elasticbeanstalk/tasks/bundlelogs.d/rotate.conf  
  inflating: /opt/elasticbeanstalk/tasks/bundlelogs.d/system.conf  
 extracting: /opt/elasticbeanstalk/tasks/publishlogs.d/eb-app.conf  
  inflating: /opt/elasticbeanstalk/tasks/taillogs.d/eb-app.conf  
  inflating: /opt/elasticbeanstalk/tasks/taillogs.d/eb-engine.conf  
[2022-12-30T09:02:52.400Z] Successfully bootstrapped instance.
[2022-12-30T09:02:52.415Z] Sending signal 0 to CFN wait condition https://cloudformation-waitcondition-ap-northeast-1.s3-ap-northeast-1.amazonaws.com/arn%3Aaws%3Acloudformation%3Aap-northeast-1%3A720471010358%3Astack/awseb-e-pmhkgpna59-stack/d87fdac0-8812-11ed-919e-06c3a23489ed/AWSEBInstanceLaunchWaitHandle?X-Amz-Algorithm=AWS4-HMAC-SHA256&X-Amz-Date=20221230T072331Z&X-Amz-SignedHeaders=host&X-Amz-Expires=86399&X-Amz-Credential=AKIASU3QWAIZOQBBO25R%2F20221230%2Fap-northeast-1%2Fs3%2Faws4_request&X-Amz-Signature=2dee721471d8143a65d1b9b9b7be87096d4c951c18f75c5ef29cea1588c5127d
CloudFormation signaled successfully with %s.
[2022-12-30T09:02:53.087Z] Tailing /var/log/eb-commandprocessor.log

******************* eb-commandprocessor taillog *******************
***eb-commandprocessor is not available yet.***
******************* End of taillog *******************


[2022-12-30T09:02:53.106Z] Tailing /var/log/eb-activity.log

******************* eb-activity taillog *******************
***eb-activity is not available yet.***
******************* End of taillog *******************


[2022-12-30T09:02:53.123Z] Tailing /var/log/eb-tools.log

******************* eb-tools taillog *******************
***eb-tools is not available yet.***
******************* End of taillog *******************


[2022-12-30T09:02:53.141Z] Tailing /var/log/eb-version-deployment.log

******************* eb-version-deployment taillog *******************
***eb-version-deployment is not available yet.***
******************* End of taillog *******************


[2022-12-30T09:02:53.164Z] Tailing /var/log/cfn-init.log

******************* cfn-init taillog *******************
2022-12-30 09:02:04,061 [INFO] -----------------------Starting build-----------------------
2022-12-30 09:02:04,068 [INFO] Running configSets: _OnInstanceBoot
2022-12-30 09:02:04,070 [INFO] Running configSet _OnInstanceBoot
2022-12-30 09:02:04,073 [INFO] Running config AWSEBBaseConfig
2022-12-30 09:02:04,383 [INFO] Command clearbackupfiles succeeded
2022-12-30 09:02:04,387 [INFO] Running config AWSEBCfnHupEndpointOverride
2022-12-30 09:02:04,390 [INFO] Command clearbackupfiles succeeded
2022-12-30 09:02:04,392 [INFO] ConfigSets completed
2022-12-30 09:02:04,392 [INFO] -----------------------Build complete-----------------------
2022-12-30 09:02:12,882 [INFO] -----------------------Starting build-----------------------
2022-12-30 09:02:12,888 [INFO] Running configSets: Infra-EmbeddedPreBuild
2022-12-30 09:02:12,891 [INFO] Running configSet Infra-EmbeddedPreBuild
2022-12-30 09:02:12,893 [INFO] Running config prebuild_0_mulit_docker
2022-12-30 09:02:12,895 [INFO] ConfigSets completed
2022-12-30 09:02:12,895 [INFO] -----------------------Build complete-----------------------
2022-12-30 09:02:45,295 [INFO] -----------------------Starting build-----------------------
2022-12-30 09:02:45,301 [INFO] Running configSets: Infra-EmbeddedPostBuild
2022-12-30 09:02:45,304 [INFO] Running configSet Infra-EmbeddedPostBuild
2022-12-30 09:02:45,304 [INFO] ConfigSets completed
2022-12-30 09:02:45,304 [INFO] -----------------------Build complete-----------------------
******************* End of taillog *******************


[2022-12-30T09:02:53.187Z] Tailing /var/log/cfn-hup.log

******************* cfn-hup taillog *******************
2022-12-30 09:02:10,582 [DEBUG] CloudFormation client initialized with endpoint https://cloudformation.ap-northeast-1.amazonaws.com
2022-12-30 09:02:10,583 [DEBUG] SQS client initialized with endpoint https://sqs.ap-northeast-1.amazonaws.com
2022-12-30 09:02:10,583 [DEBUG] CloudFormation client initialized with endpoint https://cloudformation.ap-northeast-1.amazonaws.com
2022-12-30 09:02:10,583 [DEBUG] Enabled single threading mode.
2022-12-30 09:02:10,583 [DEBUG] Creating /var/lib/cfn-hup/data
2022-12-30 09:02:10,615 [INFO] No umask value specified in config file. Using the default one: 0o22
2022-12-30 09:02:11,504 [INFO] Refreshing listener credentials
2022-12-30 09:02:11,694 [INFO] Scheduling next credential refresh in 1799.0 seconds
******************* End of taillog *******************


[2022-12-30T09:02:53.204Z] Completed EB Bootstrapping Script.
+ RESULT=0
+ [[ 0 -ne 0 ]]
+ exit 0
